Arguments: 
  /usr/bin/node /home/john/.yarn/bin/yarn.js add react-router-dom

PATH: 
  /home/john/.yarn/bin:/home/john/.config/yarn/global/node_modules/.bin:/home/john/.zinit/polaris/bin:/usr/local/sbin:/usr/local/bin:/usr/sbin:/usr/bin:/sbin:/bin:/usr/games:/usr/local/games:/mnt/c/Python27/:/mnt/c/Python27/Scripts:/mnt/c/Program Files (x86)/Common Files/Oracle/Java/javapath:/mnt/c/ProgramData/Oracle/Java/javapath:/mnt/c/Windows/system32:/mnt/c/Windows:/mnt/c/Windows/System32/Wbem:/mnt/c/Windows/System32/WindowsPowerShell/v1.0/:/mnt/c/Windows/System32/OpenSSH/:/mnt/c/Program Files/NVIDIA Corporation/NVIDIA NvDLISR:/mnt/c/ProgramData/chocolatey/bin:/mnt/c/Program Files/Microsoft SQL Server/130/Tools/Binn/:/mnt/c/Program Files (x86)/NVIDIA Corporation/PhysX/Common:/mnt/c/WINDOWS/system32:/mnt/c/WINDOWS:/mnt/c/WINDOWS/System32/Wbem:/mnt/c/WINDOWS/System32/WindowsPowerShell/v1.0/:/mnt/c/WINDOWS/System32/OpenSSH/:/mnt/c/Program Files/nodejs/:/mnt/c/Program Files/dotnet/:/mnt/c/Program Files/Git/cmd:/mnt/c/ProgramData/UNIVALI/Portugol Studio:/mnt/c/Users/kermi/AppData/Local/Microsoft/WindowsApps:/mnt/c/Users/kermi/AppData/Local/Programs/Microsoft VS Code/bin:/mnt/c/Users/kermi/AppData/Roaming/npm:/mnt/c/Users/kermi/.dotnet/tools:/mnt/c/Users/kermi/AppData/Local/Programs/Hyper/resources/bin:/mnt/c/Users/kermi/spicetify-cli:/snap/bin

Yarn version: 
  1.22.5

Node version: 
  10.19.0

Platform: 
  linux x64

Trace: 
  Error: getaddrinfo EAI_AGAIN registry.yarnpkg.com registry.yarnpkg.com:443
      at GetAddrInfoReqWrap.onlookup [as oncomplete] (dns.js:56:26)

npm manifest: 
  {
    "dependencies": {
      "@chakra-ui/react": "^1.6.7",
      "@emotion/react": "^11",
      "@emotion/styled": "^11",
      "@material-ui/core": "^4.12.3",
      "framer-motion": "^4",
      "material-table": "^1.69.3",
      "react-icons": "^4.2.0"
    }
  }

yarn manifest: 
  No manifest

Lockfile: 
  # THIS IS AN AUTOGENERATED FILE. DO NOT EDIT THIS FILE DIRECTLY.
  # yarn lockfile v1
  
  
  "@babel/code-frame@^7.0.0":
    version "7.14.5"
    resolved "https://registry.yarnpkg.com/@babel/code-frame/-/code-frame-7.14.5.tgz#23b08d740e83f49c5e59945fbf1b43e80bbf4edb"
    integrity sha512-9pzDqyc6OLDaqe+zbACgFkb6fKMNG6CObKpnYXChRsvYGyEdc7CA2BaqeOM+vOtCS5ndmJicPJhKAwYRI6UfFw==
    dependencies:
      "@babel/highlight" "^7.14.5"
  
  "@babel/helper-module-imports@^7.12.13":
    version "7.15.4"
    resolved "https://registry.yarnpkg.com/@babel/helper-module-imports/-/helper-module-imports-7.15.4.tgz#e18007d230632dea19b47853b984476e7b4e103f"
    integrity sha512-jeAHZbzUwdW/xHgHQ3QmWR4Jg6j15q4w/gCfwZvtqOxoo5DKtLHk8Bsf4c5RZRC7NmLEs+ohkdq8jFefuvIxAA==
    dependencies:
      "@babel/types" "^7.15.4"
  
  "@babel/helper-plugin-utils@^7.14.5":
    version "7.14.5"
    resolved "https://registry.yarnpkg.com/@babel/helper-plugin-utils/-/helper-plugin-utils-7.14.5.tgz#5ac822ce97eec46741ab70a517971e443a70c5a9"
    integrity sha512-/37qQCE3K0vvZKwoK4XU/irIJQdIfCJuhU5eKnNxpFDsOkgFaUAwbv+RYw6eYgsC0E4hS7r5KqGULUogqui0fQ==
  
  "@babel/helper-validator-identifier@^7.14.5", "@babel/helper-validator-identifier@^7.14.9":
    version "7.14.9"
    resolved "https://registry.yarnpkg.com/@babel/helper-validator-identifier/-/helper-validator-identifier-7.14.9.tgz#6654d171b2024f6d8ee151bf2509699919131d48"
    integrity sha512-pQYxPY0UP6IHISRitNe8bsijHex4TWZXi2HwKVsjPiltzlhse2znVcm9Ace510VT1kxIHjGJCZZQBX2gJDbo0g==
  
  "@babel/highlight@^7.14.5":
    version "7.14.5"
    resolved "https://registry.yarnpkg.com/@babel/highlight/-/highlight-7.14.5.tgz#6861a52f03966405001f6aa534a01a24d99e8cd9"
    integrity sha512-qf9u2WFWVV0MppaL877j2dBtQIDgmidgjGk5VIMw3OadXvYaXn66U1BFlH2t4+t3i+8PhedppRv+i40ABzd+gg==
    dependencies:
      "@babel/helper-validator-identifier" "^7.14.5"
      chalk "^2.0.0"
      js-tokens "^4.0.0"
  
  "@babel/plugin-syntax-jsx@^7.12.13":
    version "7.14.5"
    resolved "https://registry.yarnpkg.com/@babel/plugin-syntax-jsx/-/plugin-syntax-jsx-7.14.5.tgz#000e2e25d8673cce49300517a3eda44c263e4201"
    integrity sha512-ohuFIsOMXJnbOMRfX7/w7LocdR6R7whhuRD4ax8IipLcLPlZGJKkBxgHp++U4N/vKyU16/YDQr2f5seajD3jIw==
    dependencies:
      "@babel/helper-plugin-utils" "^7.14.5"
  
  "@babel/runtime-corejs3@^7.9.6":
    version "7.15.4"
    resolved "https://registry.yarnpkg.com/@babel/runtime-corejs3/-/runtime-corejs3-7.15.4.tgz#403139af262b9a6e8f9ba04a6fdcebf8de692bf1"
    integrity sha512-lWcAqKeB624/twtTc3w6w/2o9RqJPaNBhPGK6DKLSiwuVWC7WFkypWyNg+CpZoyJH0jVzv1uMtXZ/5/lQOLtCg==
    dependencies:
      core-js-pure "^3.16.0"
      regenerator-runtime "^0.13.4"
  
  "@babel/runtime@^7.0.0", "@babel/runtime@^7.12.1", "@babel/runtime@^7.12.13", "@babel/runtime@^7.13.10", "@babel/runtime@^7.2.0", "@babel/runtime@^7.3.1", "@babel/runtime@^7.4.4", "@babel/runtime@^7.5.5", "@babel/runtime@^7.7.2", "@babel/runtime@^7.8.3", "@babel/runtime@^7.8.4", "@babel/runtime@^7.8.7", "@babel/runtime@^7.9.2":
    version "7.15.4"
    resolved "https://registry.yarnpkg.com/@babel/runtime/-/runtime-7.15.4.tgz#fd17d16bfdf878e6dd02d19753a39fa8a8d9c84a"
    integrity sha512-99catp6bHCaxr4sJ/DbTGgHS4+Rs2RVd2g7iOap6SLGPDknRK9ztKNsE/Fg6QhSeh1FGE5f6gHGQmvvn3I3xhw==
    dependencies:
      regenerator-runtime "^0.13.4"
  
  "@babel/types@^7.15.4":
    version "7.15.6"
    resolved "https://registry.yarnpkg.com/@babel/types/-/types-7.15.6.tgz#99abdc48218b2881c058dd0a7ab05b99c9be758f"
    integrity sha512-BPU+7QhqNjmWyDO0/vitH/CuhpV8ZmK1wpKva8nuyNF5MJfuRNWMc+hc14+u9xT93kvykMdncrJT19h74uB1Ig==
    dependencies:
      "@babel/helper-validator-identifier" "^7.14.9"
      to-fast-properties "^2.0.0"
  
  "@chakra-ui/accordion@1.3.6":
    version "1.3.6"
    resolved "https://registry.yarnpkg.com/@chakra-ui/accordion/-/accordion-1.3.6.tgz#9ebbcec4d1871ab79bdac84187246ce1d34c8d8a"
    integrity sha512-zZCk11FIbUgpFwwOzyhoLM9UkBhX8hIVHI/L0CSEzdVfQTra2gMf+Lw0YQVayHlO/7J6djTSzbA7nZQl50dIag==
    dependencies:
      "@chakra-ui/descendant" "2.0.1"
      "@chakra-ui/hooks" "1.6.0"
      "@chakra-ui/icon" "1.1.11"
      "@chakra-ui/react-utils" "1.1.2"
      "@chakra-ui/transition" "1.3.4"
      "@chakra-ui/utils" "1.8.2"
  
  "@chakra-ui/alert@1.2.7":
    version "1.2.7"
    resolved "https://registry.yarnpkg.com/@chakra-ui/alert/-/alert-1.2.7.tgz#bba7489f6a2cf672218a4cffc62cb67e1abf64de"
    integrity sha512-+3rjMDjCsR7fWUA9Ikg21s9mVOxU564fA1fX3PdkFlUQFjwroG4hPQCjtUVCOBWontVphKghsQOprpuuQhx2hQ==
    dependencies:
      "@chakra-ui/icon" "1.1.11"
      "@chakra-ui/react-utils" "1.1.2"
      "@chakra-ui/utils" "1.8.2"
  
  "@chakra-ui/anatomy@1.0.0":
    version "1.0.0"
    resolved "https://registry.yarnpkg.com/@chakra-ui/anatomy/-/anatomy-1.0.0.tgz#60598d28683bcd1effc43b7d7eb61090ea060ab7"
    integrity sha512-UkGnjsBRbSjLWdE2Oio32/mrOTpH5N43jFsXkEG0Izups8Qjsm0jhRmkaO6F0bewh772hIu9QHxk/N45LFYQcg==
    dependencies:
      "@chakra-ui/theme-tools" "^1.1.9"
  
  "@chakra-ui/avatar@1.2.9":
    version "1.2.9"
    resolved "https://registry.yarnpkg.com/@chakra-ui/avatar/-/avatar-1.2.9.tgz#22388e43b106e97f42c681a25b9feb7b94cdc258"
    integrity sha512-zh4xC331WT86tPxDgJsIJ+tAx76pX1chBgXC+9rD7YStYqRhkjrD03o12r8eNYuoeeuTH3bWKYuqr545rS6xcQ==
    dependencies:
      "@chakra-ui/image" "1.0.19"
      "@chakra-ui/react-utils" "1.1.2"
      "@chakra-ui/utils" "1.8.2"
  
  "@chakra-ui/breadcrumb@1.2.8":
    version "1.2.8"
    resolved "https://registry.yarnpkg.com/@chakra-ui/breadcrumb/-/breadcrumb-1.2.8.tgz#95b7a61327da79e9984236b766481720e2699f21"
    integrity sha512-hMr7GtQ9XaMDjjlJC/pOJCp1vG7Cq4E3o70uyHXuUZkwsTnEzr0hgqOmRGII+pLMVSzxO6ii1OEjvq+rZvKdVw==
    dependencies:
      "@chakra-ui/react-utils" "1.1.2"
      "@chakra-ui/utils" "1.8.2"
  
  "@chakra-ui/button@1.4.2":
    version "1.4.2"
    resolved "https://registry.yarnpkg.com/@chakra-ui/button/-/button-1.4.2.tgz#d4a2dc173aca0c4093c2a9089d4c647dec55e53a"
    integrity sha512-Gw3W6ixkrTWaHVJRDOyvx1ZAdV/g2SjiGeHFBnfuBcZdZWqJLNy9vrS1rroBeYA953ISklyhEdtyLD9izwkzxA==
    dependencies:
      "@chakra-ui/react-utils" "1.1.2"
      "@chakra-ui/spinner" "1.1.12"
      "@chakra-ui/utils" "1.8.2"
  
  "@chakra-ui/checkbox@1.5.6":
    version "1.5.6"
    resolved "https://registry.yarnpkg.com/@chakra-ui/checkbox/-/checkbox-1.5.6.tgz#6e4fd3b3e83458f3b8904f4985cdfe4979257a6e"
    integrity sha512-9hhBOLLPI4RxoNtlSxxuiBR8PeQyUCils1gtc7u5eYuSITtvvns0OjLjughDairSr12BN/gb1WKoZAly+hp/eg==
    dependencies:
      "@chakra-ui/hooks" "1.6.0"
      "@chakra-ui/react-utils" "1.1.2"
      "@chakra-ui/utils" "1.8.2"
      "@chakra-ui/visually-hidden" "1.0.14"
  
  "@chakra-ui/clickable@1.1.7":
    version "1.1.7"
    resolved "https://registry.yarnpkg.com/@chakra-ui/clickable/-/clickable-1.1.7.tgz#ff7d87e5f2a208a596ebbd9cd23bbf6d116bb363"
    integrity sha512-aRopd+wRhykwlkRPuBn6XiLxo7jYq2BtToD7dh8wLvhDOAgtFXgYcNfAl4RkNWIUU9ZFioS6HusRE+5LmQ8EPQ==
    dependencies:
      "@chakra-ui/react-utils" "1.1.2"
      "@chakra-ui/utils" "1.8.2"
  
  "@chakra-ui/close-button@1.1.11":
    version "1.1.11"
    resolved "https://registry.yarnpkg.com/@chakra-ui/close-button/-/close-button-1.1.11.tgz#f8b5ed5969c98f23537a4d40420eb21306cf293f"
    integrity sha512-3BFVGPKeOdD/q/YgtSDdQ7RJh1fQhX7VRvkj11KPfPlvXIEQDxLwvQQV5MeNdrnTEYXkqzc8jqMexZOWlfSXRg==
    dependencies:
      "@chakra-ui/icon" "1.1.11"
      "@chakra-ui/utils" "1.8.2"
  
  "@chakra-ui/color-mode@1.1.12":
    version "1.1.12"
    resolved "https://registry.yarnpkg.com/@chakra-ui/color-mode/-/color-mode-1.1.12.tgz#c5575ccc3e3439f5204f12e69de8578b2f1d1dc8"
    integrity sha512-w9xtfNaCirGtAzJqi6isXDIf+QvS1sfeT1okQxFlJZcG7TSM34B0BLJd3oJalZ2MFrNXkpQQhF2+JNKshrOQwQ==
    dependencies:
      "@chakra-ui/hooks" "1.6.0"
      "@chakra-ui/utils" "1.8.2"
  
  "@chakra-ui/control-box@1.0.15":
    version "1.0.15"
    resolved "https://registry.yarnpkg.com/@chakra-ui/control-box/-/control-box-1.0.15.tgz#cdc1102eb802c46b169a9905b8030349dcd3351d"
    integrity sha512-sqQXKa9MjVo1mN/XRfudoM53yKhoXm6ozbE/soTgvLQJtSZtEltXVg9O8LP/h/i/AlfUKs5Nw8qSjij/7pfb2w==
    dependencies:
      "@chakra-ui/utils" "1.8.2"
  
  "@chakra-ui/counter@1.1.9":
    version "1.1.9"
    resolved "https://registry.yarnpkg.com/@chakra-ui/counter/-/counter-1.1.9.tgz#954794624806ea6a00f0ebdd3d50c6838d0b41fc"
    integrity sha512-WHkYSHJynkFwVFD6wg6afDteBeAmDHV35/tPMwpyTcgagpF99xY/8mULnBoLkkCc/PMe+meHuZJEXuCaxy4ecg==
    dependencies:
      "@chakra-ui/hooks" "1.6.0"
      "@chakra-ui/utils" "1.8.2"
  
  "@chakra-ui/css-reset@1.0.0":
    version "1.0.0"
    resolved "https://registry.yarnpkg.com/@chakra-ui/css-reset/-/css-reset-1.0.0.tgz#8395921b35ef27bee0579a4d730c5ab7f7b39734"
    integrity sha512-UaPsImGHvCgFO3ayp6Ugafu2/3/EG8wlW/8Y9Ihfk1UFv8cpV+3BfWKmuZ7IcmxcBL9dkP6E8p3/M1T0FB92hg==
  
  "@chakra-ui/descendant@2.0.1":
    version "2.0.1"
    resolved "https://registry.yarnpkg.com/@chakra-ui/descendant/-/descendant-2.0.1.tgz#fc3bc9081aa01503035b2c9296bc4b9f87ceaae0"
    integrity sha512-TeYp94iOhu5Gs2oVzewJaep0qft/JKMKfmcf4PGgzJF+h6TWZm6NGohk6Jq7JOh+y0rExa1ulknIgnMzFx5xaA==
    dependencies:
      "@chakra-ui/react-utils" "^1.1.2"
  
  "@chakra-ui/editable@1.2.9":
    version "1.2.9"
    resolved "https://registry.yarnpkg.com/@chakra-ui/editable/-/editable-1.2.9.tgz#7ea7169f369f6e183d34275cf6d0fcd0571cae33"
    integrity sha512-Z8fn8VTEktsMq245Nzxl8Ozi86XfAHuXTHh3pHsoPaabBU6v/LFupu5ALASyjm1AHCdP8tUS90QTdkvz/EwEyg==
    dependencies:
      "@chakra-ui/hooks" "1.6.0"
      "@chakra-ui/react-utils" "1.1.2"
      "@chakra-ui/utils" "1.8.2"
  
  "@chakra-ui/focus-lock@1.1.10":
    version "1.1.10"
    resolved "https://registry.yarnpkg.com/@chakra-ui/focus-lock/-/focus-lock-1.1.10.tgz#45418b46f8986aa597d2aed572d86a8c8327f871"
    integrity sha512-LJqA+RscxqDBocJ1hjFde47g9E/8H2KqlHYcmOrQd5nITMcR88F2Z11cnFNMWJu++PJNHxspaXbUSKqPNj2TPQ==
    dependencies:
      "@chakra-ui/utils" "1.8.2"
      react-focus-lock "2.5.0"
  
  "@chakra-ui/form-control@1.4.1":
    version "1.4.1"
    resolved "https://registry.yarnpkg.com/@chakra-ui/form-control/-/form-control-1.4.1.tgz#a69d319ec42d4c5ccb0449513bad72457108dc59"
    integrity sha512-aQUhQiieXdzwr21UvbpNzSUZj420fNq7+nZ7fl/gzsNudWCuw4wVpP/nuGQrGKF7CLxKi8d/ZuDkXMNeabCgpw==
    dependencies:
      "@chakra-ui/hooks" "1.6.0"
      "@chakra-ui/icon" "1.1.11"
      "@chakra-ui/react-utils" "1.1.2"
      "@chakra-ui/utils" "1.8.2"
  
  "@chakra-ui/hooks@1.6.0":
    version "1.6.0"
    resolved "https://registry.yarnpkg.com/@chakra-ui/hooks/-/hooks-1.6.0.tgz#94f54540298b6a5a7ef68b15e451e76b0ee1fed4"
    integrity sha512-5QFICaE1omNCJyVQQX62sZvRvIpI4VansN2AvZpSdrMjRiWvmBNLZN2Khr7+8j6F7uDh5LSgTxiP02vWLp12hA==
    dependencies:
      "@chakra-ui/react-utils" "1.1.2"
      "@chakra-ui/utils" "1.8.2"
      compute-scroll-into-view "1.0.14"
      copy-to-clipboard "3.3.1"
  
  "@chakra-ui/icon@1.1.11":
    version "1.1.11"
    resolved "https://registry.yarnpkg.com/@chakra-ui/icon/-/icon-1.1.11.tgz#ab57002ca20b7726aa31da6e370692159280cadb"
    integrity sha512-w+TkBr8eA8023j1SdhBzCFrEeU4lolf96cYVz0t/FVUBdIHYPGt56iHdaE2HYXW8Jyp15WLZcJJZQnZo91GRww==
    dependencies:
      "@chakra-ui/utils" "1.8.2"
  
  "@chakra-ui/image@1.0.19":
    version "1.0.19"
    resolved "https://registry.yarnpkg.com/@chakra-ui/image/-/image-1.0.19.tgz#c0055f8a04a62e68ae62bc5ee1b906c30b717aa5"
    integrity sha512-nsGPyLAARveyfi6vSZeRUGxuVuon7np1IKhZ4BC8j4La35GfRw7/UvszvmbuBQdjPjw5EIzEWzCLe/SGtjIdAQ==
    dependencies:
      "@chakra-ui/hooks" "1.6.0"
      "@chakra-ui/utils" "1.8.2"
  
  "@chakra-ui/input@1.2.10":
    version "1.2.10"
    resolved "https://registry.yarnpkg.com/@chakra-ui/input/-/input-1.2.10.tgz#d710c294d24285345b1b9fc214c36ed8b08d0e6f"
    integrity sha512-xIAe/8vzFVlnwktJprhKTBOG1R+0NQaJSBn0s97CAj6kFZNVrdQkofCbs4y7KADjkxLblswF+NiTIXuAO9uGvg==
    dependencies:
      "@chakra-ui/form-control" "1.4.1"
      "@chakra-ui/react-utils" "1.1.2"
      "@chakra-ui/utils" "1.8.2"
  
  "@chakra-ui/layout@1.4.9":
    version "1.4.9"
    resolved "https://registry.yarnpkg.com/@chakra-ui/layout/-/layout-1.4.9.tgz#8fa55555d7901d4c76d0b438a4feb9c8ac14ed81"
    integrity sha512-QfpPnz3/cB9CAk262fl26bdNH3NjsB8t5yl9sAslDQBC3Uxdft8+yKB1faZCWoa59AXm2UfHbAwKobNTECEFtw==
    dependencies:
      "@chakra-ui/icon" "1.1.11"
      "@chakra-ui/react-utils" "1.1.2"
      "@chakra-ui/utils" "1.8.2"
  
  "@chakra-ui/live-region@1.0.14":
    version "1.0.14"
    resolved "https://registry.yarnpkg.com/@chakra-ui/live-region/-/live-region-1.0.14.tgz#5264bdfc15d03566f72003046fab285e6c43aab8"
    integrity sha512-683UXH5WpPsn6KFuqo6qyllk3lAInP8cGS43CNnd9FX+5WTlplMBUwg0Gl5HLU9zRCAUeerfGLDY7ZJt2TPBVQ==
    dependencies:
      "@chakra-ui/utils" "1.8.2"
  
  "@chakra-ui/media-query@1.1.2":
    version "1.1.2"
    resolved "https://registry.yarnpkg.com/@chakra-ui/media-query/-/media-query-1.1.2.tgz#fbba8da0cff397061aee61fad491480ae4387375"
    integrity sha512-KdH5C/YwJJx7A4BMePC4J7IlDUEe2F7lLqWk/CvvwD+m2w4+/Ju6scU5YGUsskHQulllNGOmyON6fHQ7bVL47g==
    dependencies:
      "@chakra-ui/react-env" "1.0.6"
      "@chakra-ui/utils" "1.8.2"
  
  "@chakra-ui/menu@1.7.3":
    version "1.7.3"
    resolved "https://registry.yarnpkg.com/@chakra-ui/menu/-/menu-1.7.3.tgz#f79fb350eb6be326606b5dbfec4ab6d35e0f5ade"
    integrity sha512-1eJwWXBeDMxTDWJKGI8YWMjkENVPwSuN6uYwCtSa2e6pEPG9fIpmMpK0ZZTljqx3OjKPHVlB3SS1uRO8VQqHMQ==
    dependencies:
      "@chakra-ui/clickable" "1.1.7"
      "@chakra-ui/descendant" "2.0.1"
      "@chakra-ui/hooks" "1.6.0"
      "@chakra-ui/popper" "2.2.1"
      "@chakra-ui/react-utils" "1.1.2"
      "@chakra-ui/transition" "1.3.4"
      "@chakra-ui/utils" "1.8.2"
  
  "@chakra-ui/modal@1.8.11":
    version "1.8.11"
    resolved "https://registry.yarnpkg.com/@chakra-ui/modal/-/modal-1.8.11.tgz#9cbc00ae6a42eedf166ad35b22114d19a564f918"
    integrity sha512-iWVfEp5N572wapvE4YHXoapjOPfLu32dcHVCjEnsyMMcBB0aXAorfN2Cc9gtHbmQdUCvAOXYlQs9WauiLRs7tQ==
    dependencies:
      "@chakra-ui/close-button" "1.1.11"
      "@chakra-ui/focus-lock" "1.1.10"
      "@chakra-ui/hooks" "1.6.0"
      "@chakra-ui/portal" "1.2.9"
      "@chakra-ui/react-utils" "1.1.2"
      "@chakra-ui/transition" "1.3.4"
      "@chakra-ui/utils" "1.8.2"
      aria-hidden "^1.1.1"
      react-remove-scroll "2.4.1"
  
  "@chakra-ui/number-input@1.2.10":
    version "1.2.10"
    resolved "https://registry.yarnpkg.com/@chakra-ui/number-input/-/number-input-1.2.10.tgz#c5f723258793bf59274e49ce3295f03d2e532d5c"
    integrity sha512-qsiC/pLuDOmsmlWUUDveZ9YsQd+DOcAcXMeMa6NYb+MJRGyCDOsI/542hxJkIb1N8ei96IpfIJTZS0KUW+ME+g==
    dependencies:
      "@chakra-ui/counter" "1.1.9"
      "@chakra-ui/form-control" "1.4.1"
      "@chakra-ui/hooks" "1.6.0"
      "@chakra-ui/icon" "1.1.11"
      "@chakra-ui/react-utils" "1.1.2"
      "@chakra-ui/utils" "1.8.2"
  
  "@chakra-ui/pin-input@1.6.5":
    version "1.6.5"
    resolved "https://registry.yarnpkg.com/@chakra-ui/pin-input/-/pin-input-1.6.5.tgz#3121ab53e21e62aadf6f610a53cc788e76fec255"
    integrity sha512-9UMEjpnMaTKlmc9dBO/NjOWWdVLo+Rw5+LB77DKuV5N8L1ab2AMKwpb9Zw3EMcO2En44EzBzZKaVmxLPVRiGsg==
    dependencies:
      "@chakra-ui/descendant" "2.0.1"
      "@chakra-ui/hooks" "1.6.0"
      "@chakra-ui/react-utils" "1.1.2"
      "@chakra-ui/utils" "1.8.2"
  
  "@chakra-ui/popover@1.8.3":
    version "1.8.3"
    resolved "https://registry.yarnpkg.com/@chakra-ui/popover/-/popover-1.8.3.tgz#856f1c065c5fe0c8f7a9fe72d32b72e60d0f1d7b"
    integrity sha512-Z0anhPTC4z0PVYpjgWzqGV8Q7YP6F1N6d7jNwolJXPVdWM4bLSB6GyGguAZPEJwJ23kHDs7GQo9Tm7W8Z9DfNQ==
    dependencies:
      "@chakra-ui/close-button" "1.1.11"
      "@chakra-ui/hooks" "1.6.0"
      "@chakra-ui/popper" "2.2.1"
      "@chakra-ui/react-utils" "1.1.2"
      "@chakra-ui/utils" "1.8.2"
  
  "@chakra-ui/popper@2.2.1":
    version "2.2.1"
    resolved "https://registry.yarnpkg.com/@chakra-ui/popper/-/popper-2.2.1.tgz#51d49933ee837b396d78d9daaab1d9809afea982"
    integrity sha512-W0hMTBp2X62UooF3qPNmsEW0IJfz72gr2DN8nsCvHQrMiARB9s2jECEss6qEsB97tnmIG8k2TNee8IzTGLmMyA==
    dependencies:
      "@chakra-ui/react-utils" "1.1.2"
      "@popperjs/core" "2.4.4"
  
  "@chakra-ui/portal@1.2.9":
    version "1.2.9"
    resolved "https://registry.yarnpkg.com/@chakra-ui/portal/-/portal-1.2.9.tgz#966b4f3c2c5e7e862594b36d66d844047cba053b"
    integrity sha512-Rp0/1uNsjx5KaGQZ8r5ZIdjuUXqXjn9gWUCacZDlYO5DqJ4YcsYJ4UA7KjLubwokDsS2ddyrTbdZYFyspnWk+Q==
    dependencies:
      "@chakra-ui/hooks" "1.6.0"
      "@chakra-ui/react-utils" "1.1.2"
      "@chakra-ui/utils" "1.8.2"
  
  "@chakra-ui/progress@1.1.13":
    version "1.1.13"
    resolved "https://registry.yarnpkg.com/@chakra-ui/progress/-/progress-1.1.13.tgz#95e4b53052cd7d67a786f9c97bc870aee54815ea"
    integrity sha512-23RLvhe4H1V3pTHPFxR1QsZnOLEatfdpMk80MsJ9yTmvjdY6yoflfiFA1cYFmXz302sPixpwticlSG0Zrpw1+Q==
    dependencies:
      "@chakra-ui/theme-tools" "1.2.0"
      "@chakra-ui/utils" "1.8.2"
  
  "@chakra-ui/provider@1.6.7":
    version "1.6.7"
    resolved "https://registry.yarnpkg.com/@chakra-ui/provider/-/provider-1.6.7.tgz#df6e6aea05dd63649d5097546745156c8f7a3ef5"
    integrity sha512-3cuZXx+AK61GVGcp5cYxwOQo6vXEGNHXHqoCcVqslT+r38rnUBp3qyNQ0NXe+QSiGNZShDBGo94d4G4/u8vgVA==
    dependencies:
      "@chakra-ui/css-reset" "1.0.0"
      "@chakra-ui/hooks" "1.6.0"
      "@chakra-ui/system" "1.7.3"
      "@chakra-ui/utils" "1.8.2"
  
  "@chakra-ui/radio@1.3.10":
    version "1.3.10"
    resolved "https://registry.yarnpkg.com/@chakra-ui/radio/-/radio-1.3.10.tgz#c8f0d31aeadb8b333252d0cd7fa8e89cd5f929e4"
    integrity sha512-Gdp038uBSTWdDABg2qoT/vOoLWtnQsKdCzXnkPCzWHarRuQY/Uyffxt8T/bdBnsQhrPMnr68Gv4g0XEK6RjQew==
    dependencies:
      "@chakra-ui/form-control" "1.4.1"
      "@chakra-ui/hooks" "1.6.0"
      "@chakra-ui/react-utils" "1.1.2"
      "@chakra-ui/utils" "1.8.2"
      "@chakra-ui/visually-hidden" "1.0.14"
  
  "@chakra-ui/react-env@1.0.6":
    version "1.0.6"
    resolved "https://registry.yarnpkg.com/@chakra-ui/react-env/-/react-env-1.0.6.tgz#931fb0dbbfe4b2aed04d08b0bb191820f61a7f3b"
    integrity sha512-JE0MXrVv9exBaQP0oLescs1ZhFolet3ACoV41ow881aXptN02VJKOht04/9SqEAnaxn8ePdofG9BRB6dKDm0ow==
    dependencies:
      "@chakra-ui/utils" "1.8.2"
  
  "@chakra-ui/react-utils@1.1.2", "@chakra-ui/react-utils@^1.1.2":
    version "1.1.2"
    resolved "https://registry.yarnpkg.com/@chakra-ui/react-utils/-/react-utils-1.1.2.tgz#7ea80b6ae25bd7b182095cc9ffaad23c464408b5"
    integrity sha512-S8jPVKGZH2qF7ZGxl/0DF/dXXI2AxDNGf4Ahi2LGHqajMvqBB7vtYIRRmIA7+jAnErhzO8WUi3i4Z7oScp6xSA==
    dependencies:
      "@chakra-ui/utils" "^1.7.0"
  
  "@chakra-ui/react@^1.6.7":
    version "1.6.7"
    resolved "https://registry.yarnpkg.com/@chakra-ui/react/-/react-1.6.7.tgz#1d5fa2a02aa1a2c1516966e5bfc12d528452f723"
    integrity sha512-5klvvvoPN1j3t1842Sg7qYzQu/ENXHMeccL3r34Y4xJG3SrM5ebyjyGmqGN7WqRoXzPhG25UInA9LJDEvzjbLA==
    dependencies:
      "@chakra-ui/accordion" "1.3.6"
      "@chakra-ui/alert" "1.2.7"
      "@chakra-ui/avatar" "1.2.9"
      "@chakra-ui/breadcrumb" "1.2.8"
      "@chakra-ui/button" "1.4.2"
      "@chakra-ui/checkbox" "1.5.6"
      "@chakra-ui/close-button" "1.1.11"
      "@chakra-ui/control-box" "1.0.15"
      "@chakra-ui/counter" "1.1.9"
      "@chakra-ui/css-reset" "1.0.0"
      "@chakra-ui/editable" "1.2.9"
      "@chakra-ui/form-control" "1.4.1"
      "@chakra-ui/hooks" "1.6.0"
      "@chakra-ui/icon" "1.1.11"
      "@chakra-ui/image" "1.0.19"
      "@chakra-ui/input" "1.2.10"
      "@chakra-ui/layout" "1.4.9"
      "@chakra-ui/live-region" "1.0.14"
      "@chakra-ui/media-query" "1.1.2"
      "@chakra-ui/menu" "1.7.3"
      "@chakra-ui/modal" "1.8.11"
      "@chakra-ui/number-input" "1.2.10"
      "@chakra-ui/pin-input" "1.6.5"
      "@chakra-ui/popover" "1.8.3"
      "@chakra-ui/popper" "2.2.1"
      "@chakra-ui/portal" "1.2.9"
      "@chakra-ui/progress" "1.1.13"
      "@chakra-ui/provider" "1.6.7"
      "@chakra-ui/radio" "1.3.10"
      "@chakra-ui/react-env" "1.0.6"
      "@chakra-ui/select" "1.1.14"
      "@chakra-ui/skeleton" "1.1.18"
      "@chakra-ui/slider" "1.2.9"
      "@chakra-ui/spinner" "1.1.12"
      "@chakra-ui/stat" "1.1.12"
      "@chakra-ui/switch" "1.2.9"
      "@chakra-ui/system" "1.7.3"
      "@chakra-ui/table" "1.2.6"
      "@chakra-ui/tabs" "1.5.5"
      "@chakra-ui/tag" "1.1.12"
      "@chakra-ui/textarea" "1.1.14"
      "@chakra-ui/theme" "1.10.1"
      "@chakra-ui/toast" "1.2.11"
      "@chakra-ui/tooltip" "1.3.10"
      "@chakra-ui/transition" "1.3.4"
      "@chakra-ui/utils" "1.8.2"
      "@chakra-ui/visually-hidden" "1.0.14"
  
  "@chakra-ui/select@1.1.14":
    version "1.1.14"
    resolved "https://registry.yarnpkg.com/@chakra-ui/select/-/select-1.1.14.tgz#e331ec0b99df4bc2ee278dcb416eb97feabe6a1d"
    integrity sha512-yqWY6U3uFrH8fUVZFMxzoaN4AvN4Fwz94BzkauXTfFlcZn93N4GEwEvsbHbxnNDI6TfrXWrKlvfXMpgGz3y9Kw==
    dependencies:
      "@chakra-ui/form-control" "1.4.1"
      "@chakra-ui/utils" "1.8.2"
  
  "@chakra-ui/skeleton@1.1.18":
    version "1.1.18"
    resolved "https://registry.yarnpkg.com/@chakra-ui/skeleton/-/skeleton-1.1.18.tgz#872df12d51487dca18faa8a7a4eaeedd791b9423"
    integrity sha512-0jxiFNJtwPbt+zhJVE8Bjyf1HJBvYSms69TzCJMw51IEADmMrB0S5Zv0BLKhdlXjx3VywIRW7r5YT+bDHPC/cQ==
    dependencies:
      "@chakra-ui/hooks" "1.6.0"
      "@chakra-ui/media-query" "1.1.2"
      "@chakra-ui/system" "1.7.3"
      "@chakra-ui/utils" "1.8.2"
  
  "@chakra-ui/slider@1.2.9":
    version "1.2.9"
    resolved "https://registry.yarnpkg.com/@chakra-ui/slider/-/slider-1.2.9.tgz#99a4682905e84cad077467cc291bff1d4ba15c7c"
    integrity sha512-lZKKzFvaG686cntJayKGPRGqYmicpf7nwBrhrAdhlPkgiXXfA/ci4Xvg09DCoAClwr0bxr7ysa5weTFdZu2EJg==
    dependencies:
      "@chakra-ui/hooks" "1.6.0"
      "@chakra-ui/react-utils" "1.1.2"
      "@chakra-ui/utils" "1.8.2"
  
  "@chakra-ui/spinner@1.1.12":
    version "1.1.12"
    resolved "https://registry.yarnpkg.com/@chakra-ui/spinner/-/spinner-1.1.12.tgz#1833cb46f48e6d002c2820724e3a1a580e6ebc92"
    integrity sha512-cwchUCrZ2FEPSQilbCnJSFXmyDJC/9u29oitSNRVPF0DDvHUPZX1yG/DXZ0ZsWqodBw16/FZuRe2VRKOCGm0Iw==
    dependencies:
      "@chakra-ui/utils" "1.8.2"
      "@chakra-ui/visually-hidden" "1.0.14"
  
  "@chakra-ui/stat@1.1.12":
    version "1.1.12"
    resolved "https://registry.yarnpkg.com/@chakra-ui/stat/-/stat-1.1.12.tgz#0471d230a62e63bd522d67a346b3b11e8c4bd16b"
    integrity sha512-vhoW4zFF1BSlMpEZ179hCXLBT+TLtoW1JESObcOv/lAbFko5YBJAkPs4cws5eKdZsSqVUORtwKcJN+BjWUrkJw==
    dependencies:
      "@chakra-ui/icon" "1.1.11"
      "@chakra-ui/utils" "1.8.2"
      "@chakra-ui/visually-hidden" "1.0.14"
  
  "@chakra-ui/styled-system@1.12.2":
    version "1.12.2"
    resolved "https://registry.yarnpkg.com/@chakra-ui/styled-system/-/styled-system-1.12.2.tgz#918cedf92e12e3b3c053a4d6a8eeab9315d0980c"
    integrity sha512-wJvEgy93DLe0Tz2F9YFRTDnAz8YMC8O2Y0reI6WIDix0QL7dLWxrTA2reqMLaEmKnr965a/LDfyY21tWOB+6TQ==
    dependencies:
      "@chakra-ui/utils" "1.8.2"
      csstype "^3.0.6"
  
  "@chakra-ui/switch@1.2.9":
    version "1.2.9"
    resolved "https://registry.yarnpkg.com/@chakra-ui/switch/-/switch-1.2.9.tgz#e54e27418dbc3f8545943a21d94fe619b4de649d"
    integrity sha512-70hU66O2bAbegWdtwdMV5jTIp9226B6z0tpze33sC+5KFzj/O9ScyV7GUGItq7KdERnw6Zs9wU5kqKuDMeFENw==
    dependencies:
      "@chakra-ui/checkbox" "1.5.6"
      "@chakra-ui/utils" "1.8.2"
  
  "@chakra-ui/system@1.7.3":
    version "1.7.3"
    resolved "https://registry.yarnpkg.com/@chakra-ui/system/-/system-1.7.3.tgz#344031d27555e8a436a8aeb266242e3c4eb51b24"
    integrity sha512-061lcraf4tNB4ixpnuWetZjr3fAEmj4zHfMznmMx6MAF6lHLJR9tsCF+Cuyj6m9JPwstbBPhyb5arNRXhZGvYQ==
    dependencies:
      "@chakra-ui/color-mode" "1.1.12"
      "@chakra-ui/react-utils" "1.1.2"
      "@chakra-ui/styled-system" "1.12.2"
      "@chakra-ui/utils" "1.8.2"
      react-fast-compare "3.2.0"
  
  "@chakra-ui/table@1.2.6":
    version "1.2.6"
    resolved "https://registry.yarnpkg.com/@chakra-ui/table/-/table-1.2.6.tgz#1402fd1479f07453067864d35967d8e6251114d4"
    integrity sha512-fwIBGRLCxhDjt17qfNESC51FIX9YDGJeSD9tC1vZKXveaJmYwVHOdoke1Vv/n++FoFkWPoJHplNOYgDFUiAPBA==
    dependencies:
      "@chakra-ui/utils" "1.8.2"
  
  "@chakra-ui/tabs@1.5.5":
    version "1.5.5"
    resolved "https://registry.yarnpkg.com/@chakra-ui/tabs/-/tabs-1.5.5.tgz#09721f87dbb170df2c67ecd49699f6abda064eab"
    integrity sha512-ZBPV1KlAYRMlwsXeUf3aPRFpcTsBQND6jWo9ZUYK+Kax8E0Qdltzrjxrrw7FpTj70EdFOIWZcn+2eD0c1y2sUA==
    dependencies:
      "@chakra-ui/clickable" "1.1.7"
      "@chakra-ui/descendant" "2.0.1"
      "@chakra-ui/hooks" "1.6.0"
      "@chakra-ui/react-utils" "1.1.2"
      "@chakra-ui/utils" "1.8.2"
  
  "@chakra-ui/tag@1.1.12":
    version "1.1.12"
    resolved "https://registry.yarnpkg.com/@chakra-ui/tag/-/tag-1.1.12.tgz#36f19cb886eb6f079f4ed03e4ed7ca4dadc654ef"
    integrity sha512-/tTHhfFNFJUCZwfs7xDCc2kLpBYD/WElt1cl37wLBkODM5ai22BzD1SRvRtd3UJmJtFop/P8+9cdM3+ZuO//UQ==
    dependencies:
      "@chakra-ui/icon" "1.1.11"
      "@chakra-ui/utils" "1.8.2"
  
  "@chakra-ui/textarea@1.1.14":
    version "1.1.14"
    resolved "https://registry.yarnpkg.com/@chakra-ui/textarea/-/textarea-1.1.14.tgz#05b7ef705fd8db77ff856593538524442c480dfd"
    integrity sha512-y/nlHq4TnGiMpgQ8mjWp8W3Qvtu67vx2ccQW3zDLVdkvi0bleK6+j7KL6EP9wqkG391QmXwhqKtTEhr0XTL96w==
    dependencies:
      "@chakra-ui/form-control" "1.4.1"
      "@chakra-ui/utils" "1.8.2"
  
  "@chakra-ui/theme-tools@1.2.0", "@chakra-ui/theme-tools@^1.1.9":
    version "1.2.0"
    resolved "https://registry.yarnpkg.com/@chakra-ui/theme-tools/-/theme-tools-1.2.0.tgz#bad1194d38000bf92feb2e8f0e41cd664b9ee6ca"
    integrity sha512-HCNwub3KeSzSEebpuzTKvEGzjGTPDVr6zSV036nHe6jkxkZgwrbmKH3ruxQJp5qJZh1V0DQzG0IB2fKjdWGE+g==
    dependencies:
      "@chakra-ui/utils" "1.8.2"
      "@types/tinycolor2" "1.4.2"
      tinycolor2 "1.4.2"
  
  "@chakra-ui/theme@1.10.1":
    version "1.10.1"
    resolved "https://registry.yarnpkg.com/@chakra-ui/theme/-/theme-1.10.1.tgz#e527f5533f0c0227b64a54e87f6ec2b5f7d6a45e"
    integrity sha512-YvncILdCZq8Ryzcvxz3jqM2lE/QLv7IbjbohHOk0FblkJNnZDaeRuVTKITrubCS4zyfHewmSSkbAfnch2+BERw==
    dependencies:
      "@chakra-ui/anatomy" "1.0.0"
      "@chakra-ui/theme-tools" "1.2.0"
      "@chakra-ui/utils" "1.8.2"
  
  "@chakra-ui/toast@1.2.11":
    version "1.2.11"
    resolved "https://registry.yarnpkg.com/@chakra-ui/toast/-/toast-1.2.11.tgz#e669fbcf98d0ae07fc456fa0de139630978a3798"
    integrity sha512-vi8wBLcV8HH9sRYniZk2tYIsUiSP7QUS2hS8Ue1Uf7p0reOR1stoZqc39bzLpeoUpOmz2aEt2I4Y+d9YUTcR8g==
    dependencies:
      "@chakra-ui/alert" "1.2.7"
      "@chakra-ui/close-button" "1.1.11"
      "@chakra-ui/hooks" "1.6.0"
      "@chakra-ui/theme" "1.10.1"
      "@chakra-ui/transition" "1.3.4"
      "@chakra-ui/utils" "1.8.2"
      "@reach/alert" "0.13.2"
  
  "@chakra-ui/tooltip@1.3.10":
    version "1.3.10"
    resolved "https://registry.yarnpkg.com/@chakra-ui/tooltip/-/tooltip-1.3.10.tgz#bf1ef4b4e82d3f6dd23b4b5ec16215c8bd6a441d"
    integrity sha512-W4av8UViS0g1w+hG8Y61tL7SGpQfN0W/XR5YeG0A/Fgj6QrA8ZgNbuFdyECpfOBSKFYZXGWxZ4E0sXAyqdHXew==
    dependencies:
      "@chakra-ui/hooks" "1.6.0"
      "@chakra-ui/popper" "2.2.1"
      "@chakra-ui/portal" "1.2.9"
      "@chakra-ui/react-utils" "1.1.2"
      "@chakra-ui/utils" "1.8.2"
      "@chakra-ui/visually-hidden" "1.0.14"
  
  "@chakra-ui/transition@1.3.4":
    version "1.3.4"
    resolved "https://registry.yarnpkg.com/@chakra-ui/transition/-/transition-1.3.4.tgz#36d610e98913a371dcea0ac248ad09bf6b34535d"
    integrity sha512-FYBJzTKEUoozoSfOGruPuv1/GBL0mZniBPh+wjHYcXbIJdp8S2gbPFlHPN+4S9NDXz+c9p+OLHZAEEv3Vcvt7A==
    dependencies:
      "@chakra-ui/utils" "1.8.2"
  
  "@chakra-ui/utils@1.8.2", "@chakra-ui/utils@^1.7.0":
    version "1.8.2"
    resolved "https://registry.yarnpkg.com/@chakra-ui/utils/-/utils-1.8.2.tgz#5a9f1f67c5f2232769fe7d009fcf96eebf3c2b4e"
    integrity sha512-MnE4czCQCE87Ch1DfAdmZvObgRviw9wQ9Zti372P8VD1ILEdff/C5WBWHW6mgG3YcorPAxgnrNF3MmNE95jRkA==
    dependencies:
      "@types/lodash.mergewith" "4.6.6"
      css-box-model "1.2.1"
      framesync "5.3.0"
      lodash.mergewith "4.6.2"
  
  "@chakra-ui/visually-hidden@1.0.14":
    version "1.0.14"
    resolved "https://registry.yarnpkg.com/@chakra-ui/visually-hidden/-/visually-hidden-1.0.14.tgz#75fb92916c1f0c949d3a1e05584911a24122182c"
    integrity sha512-4OoF0kDmfAVX1IS5kcJ35iOGVHXmk7EZgwH5U4kB32z/81kmG0KW/VeEFnilOknH6a5Mf3fZr8rYRVb/gLfvGg==
    dependencies:
      "@chakra-ui/utils" "1.8.2"
  
  "@date-io/core@^1.1.0":
    version "1.3.13"
    resolved "https://registry.yarnpkg.com/@date-io/core/-/core-1.3.13.tgz#90c71da493f20204b7a972929cc5c482d078b3fa"
    integrity sha512-AlEKV7TxjeK+jxWVKcCFrfYAk8spX9aCyiToFIiLPtfQbsjmRGLIhb5VZgptQcJdHtLXo7+m0DuurwFgUToQuA==
  
  "@date-io/date-fns@1.1.0":
    version "1.1.0"
    resolved "https://registry.yarnpkg.com/@date-io/date-fns/-/date-fns-1.1.0.tgz#91cd7703042513a6a0056a344b25cd74a4df643e"
    integrity sha512-FMRhYWfoGiIXdN4xWAArpkdEbqsg2Fr+6Yda7Np2eVWCNx6gSMYsHIM51IIcI+3762ajYbhoEYjHYXVFNZIk1g==
    dependencies:
      "@date-io/core" "^1.1.0"
  
  "@emotion/babel-plugin@^11.3.0":
    version "11.3.0"
    resolved "https://registry.yarnpkg.com/@emotion/babel-plugin/-/babel-plugin-11.3.0.tgz#3a16850ba04d8d9651f07f3fb674b3436a4fb9d7"
    integrity sha512-UZKwBV2rADuhRp+ZOGgNWg2eYgbzKzQXfQPtJbu/PLy8onurxlNCLvxMQEvlr1/GudguPI5IU9qIY1+2z1M5bA==
    dependencies:
      "@babel/helper-module-imports" "^7.12.13"
      "@babel/plugin-syntax-jsx" "^7.12.13"
      "@babel/runtime" "^7.13.10"
      "@emotion/hash" "^0.8.0"
      "@emotion/memoize" "^0.7.5"
      "@emotion/serialize" "^1.0.2"
      babel-plugin-macros "^2.6.1"
      convert-source-map "^1.5.0"
      escape-string-regexp "^4.0.0"
      find-root "^1.1.0"
      source-map "^0.5.7"
      stylis "^4.0.3"
  
  "@emotion/cache@^11.4.0":
    version "11.4.0"
    resolved "https://registry.yarnpkg.com/@emotion/cache/-/cache-11.4.0.tgz#293fc9d9a7a38b9aad8e9337e5014366c3b09ac0"
    integrity sha512-Zx70bjE7LErRO9OaZrhf22Qye1y4F7iDl+ITjet0J+i+B88PrAOBkKvaAWhxsZf72tDLajwCgfCjJ2dvH77C3g==
    dependencies:
      "@emotion/memoize" "^0.7.4"
      "@emotion/sheet" "^1.0.0"
      "@emotion/utils" "^1.0.0"
      "@emotion/weak-memoize" "^0.2.5"
      stylis "^4.0.3"
  
  "@emotion/hash@^0.8.0":
    version "0.8.0"
    resolved "https://registry.yarnpkg.com/@emotion/hash/-/hash-0.8.0.tgz#bbbff68978fefdbe68ccb533bc8cbe1d1afb5413"
    integrity sha512-kBJtf7PH6aWwZ6fka3zQ0p6SBYzx4fl1LoZXE2RrnYST9Xljm7WfKJrU4g/Xr3Beg72MLrp1AWNUmuYJTL7Cow==
  
  "@emotion/is-prop-valid@^0.8.2":
    version "0.8.8"
    resolved "https://registry.yarnpkg.com/@emotion/is-prop-valid/-/is-prop-valid-0.8.8.tgz#db28b1c4368a259b60a97311d6a952d4fd01ac1a"
    integrity sha512-u5WtneEAr5IDG2Wv65yhunPSMLIpuKsbuOktRojfrEiEvRyC85LgPMZI63cr7NUqT8ZIGdSVg8ZKGxIug4lXcA==
    dependencies:
      "@emotion/memoize" "0.7.4"
  
  "@emotion/is-prop-valid@^1.1.0":
    version "1.1.0"
    resolved "https://registry.yarnpkg.com/@emotion/is-prop-valid/-/is-prop-valid-1.1.0.tgz#29ef6be1e946fb4739f9707def860f316f668cde"
    integrity sha512-9RkilvXAufQHsSsjQ3PIzSns+pxuX4EW8EbGeSPjZMHuMx6z/MOzb9LpqNieQX4F3mre3NWS2+X3JNRHTQztUQ==
    dependencies:
      "@emotion/memoize" "^0.7.4"
  
  "@emotion/memoize@0.7.4":
    version "0.7.4"
    resolved "https://registry.yarnpkg.com/@emotion/memoize/-/memoize-0.7.4.tgz#19bf0f5af19149111c40d98bb0cf82119f5d9eeb"
    integrity sha512-Ja/Vfqe3HpuzRsG1oBtWTHk2PGZ7GR+2Vz5iYGelAw8dx32K0y7PjVuxK6z1nMpZOqAFsRUPCkK1YjJ56qJlgw==
  
  "@emotion/memoize@^0.7.4", "@emotion/memoize@^0.7.5":
    version "0.7.5"
    resolved "https://registry.yarnpkg.com/@emotion/memoize/-/memoize-0.7.5.tgz#2c40f81449a4e554e9fc6396910ed4843ec2be50"
    integrity sha512-igX9a37DR2ZPGYtV6suZ6whr8pTFtyHL3K/oLUotxpSVO2ASaprmAe2Dkq7tBo7CRY7MMDrAa9nuQP9/YG8FxQ==
  
  "@emotion/react@^11":
    version "11.4.1"
    resolved "https://registry.yarnpkg.com/@emotion/react/-/react-11.4.1.tgz#a1b0b767b5bad57515ffb0cad9349614d27f4d57"
    integrity sha512-pRegcsuGYj4FCdZN6j5vqCALkNytdrKw3TZMekTzNXixRg4wkLsU5QEaBG5LC6l01Vppxlp7FE3aTHpIG5phLg==
    dependencies:
      "@babel/runtime" "^7.13.10"
      "@emotion/cache" "^11.4.0"
      "@emotion/serialize" "^1.0.2"
      "@emotion/sheet" "^1.0.2"
      "@emotion/utils" "^1.0.0"
      "@emotion/weak-memoize" "^0.2.5"
      hoist-non-react-statics "^3.3.1"
  
  "@emotion/serialize@^1.0.2":
    version "1.0.2"
    resolved "https://registry.yarnpkg.com/@emotion/serialize/-/serialize-1.0.2.tgz#77cb21a0571c9f68eb66087754a65fa97bfcd965"
    integrity sha512-95MgNJ9+/ajxU7QIAruiOAdYNjxZX7G2mhgrtDWswA21VviYIRP1R5QilZ/bDY42xiKsaktP4egJb3QdYQZi1A==
    dependencies:
      "@emotion/hash" "^0.8.0"
      "@emotion/memoize" "^0.7.4"
      "@emotion/unitless" "^0.7.5"
      "@emotion/utils" "^1.0.0"
      csstype "^3.0.2"
  
  "@emotion/sheet@^1.0.0", "@emotion/sheet@^1.0.2":
    version "1.0.2"
    resolved "https://registry.yarnpkg.com/@emotion/sheet/-/sheet-1.0.2.tgz#1d9ffde531714ba28e62dac6a996a8b1089719d0"
    integrity sha512-QQPB1B70JEVUHuNtzjHftMGv6eC3Y9wqavyarj4x4lg47RACkeSfNo5pxIOKizwS9AEFLohsqoaxGQj4p0vSIw==
  
  "@emotion/styled@^11":
    version "11.3.0"
    resolved "https://registry.yarnpkg.com/@emotion/styled/-/styled-11.3.0.tgz#d63ee00537dfb6ff612e31b0e915c5cf9925a207"
    integrity sha512-fUoLcN3BfMiLlRhJ8CuPUMEyKkLEoM+n+UyAbnqGEsCd5IzKQ7VQFLtzpJOaCD2/VR2+1hXQTnSZXVJeiTNltA==
    dependencies:
      "@babel/runtime" "^7.13.10"
      "@emotion/babel-plugin" "^11.3.0"
      "@emotion/is-prop-valid" "^1.1.0"
      "@emotion/serialize" "^1.0.2"
      "@emotion/utils" "^1.0.0"
  
  "@emotion/unitless@^0.7.5":
    version "0.7.5"
    resolved "https://registry.yarnpkg.com/@emotion/unitless/-/unitless-0.7.5.tgz#77211291c1900a700b8a78cfafda3160d76949ed"
    integrity sha512-OWORNpfjMsSSUBVrRBVGECkhWcULOAJz9ZW8uK9qgxD+87M7jHRcvh/A96XXNhXTLmKcoYSQtBEX7lHMO7YRwg==
  
  "@emotion/utils@^1.0.0":
    version "1.0.0"
    resolved "https://registry.yarnpkg.com/@emotion/utils/-/utils-1.0.0.tgz#abe06a83160b10570816c913990245813a2fd6af"
    integrity sha512-mQC2b3XLDs6QCW+pDQDiyO/EdGZYOygE8s5N5rrzjSI4M3IejPE/JPndCBwRT9z982aqQNi6beWs1UeayrQxxA==
  
  "@emotion/weak-memoize@^0.2.5":
    version "0.2.5"
    resolved "https://registry.yarnpkg.com/@emotion/weak-memoize/-/weak-memoize-0.2.5.tgz#8eed982e2ee6f7f4e44c253e12962980791efd46"
    integrity sha512-6U71C2Wp7r5XtFtQzYrW5iKFT67OixrSxjI4MptCHzdSVlgabczzqLe0ZSgnub/5Kp4hSbpDB1tMytZY9pwxxA==
  
  "@material-ui/core@^4.12.3":
    version "4.12.3"
    resolved "https://registry.yarnpkg.com/@material-ui/core/-/core-4.12.3.tgz#80d665caf0f1f034e52355c5450c0e38b099d3ca"
    integrity sha512-sdpgI/PL56QVsEJldwEe4FFaFTLUqN+rd7sSZiRCdx2E/C7z5yK0y/khAWVBH24tXwto7I1hCzNWfJGZIYJKnw==
    dependencies:
      "@babel/runtime" "^7.4.4"
      "@material-ui/styles" "^4.11.4"
      "@material-ui/system" "^4.12.1"
      "@material-ui/types" "5.1.0"
      "@material-ui/utils" "^4.11.2"
      "@types/react-transition-group" "^4.2.0"
      clsx "^1.0.4"
      hoist-non-react-statics "^3.3.2"
      popper.js "1.16.1-lts"
      prop-types "^15.7.2"
      react-is "^16.8.0 || ^17.0.0"
      react-transition-group "^4.4.0"
  
  "@material-ui/pickers@3.2.2":
    version "3.2.2"
    resolved "https://registry.yarnpkg.com/@material-ui/pickers/-/pickers-3.2.2.tgz#9b7a67f5a8f21f8183853ebc1848e5d8dd680d4c"
    integrity sha512-on/J1yyKeJ4CkLnItpf/jPDKMZVWvHDklkh5FS7wkZ0s1OPoqTsPubLWfA7eND6xREnVRyLFzVTlE3VlWYdQWw==
    dependencies:
      "@babel/runtime" "^7.2.0"
      "@types/styled-jsx" "^2.2.8"
      clsx "^1.0.2"
      react-transition-group "^4.0.0"
      rifm "^0.7.0"
      tslib "^1.9.3"
  
  "@material-ui/styles@^4.11.4":
    version "4.11.4"
    resolved "https://registry.yarnpkg.com/@material-ui/styles/-/styles-4.11.4.tgz#eb9dfccfcc2d208243d986457dff025497afa00d"
    integrity sha512-KNTIZcnj/zprG5LW0Sao7zw+yG3O35pviHzejMdcSGCdWbiO8qzRgOYL8JAxAsWBKOKYwVZxXtHWaB5T2Kvxew==
    dependencies:
      "@babel/runtime" "^7.4.4"
      "@emotion/hash" "^0.8.0"
      "@material-ui/types" "5.1.0"
      "@material-ui/utils" "^4.11.2"
      clsx "^1.0.4"
      csstype "^2.5.2"
      hoist-non-react-statics "^3.3.2"
      jss "^10.5.1"
      jss-plugin-camel-case "^10.5.1"
      jss-plugin-default-unit "^10.5.1"
      jss-plugin-global "^10.5.1"
      jss-plugin-nested "^10.5.1"
      jss-plugin-props-sort "^10.5.1"
      jss-plugin-rule-value-function "^10.5.1"
      jss-plugin-vendor-prefixer "^10.5.1"
      prop-types "^15.7.2"
  
  "@material-ui/system@^4.12.1":
    version "4.12.1"
    resolved "https://registry.yarnpkg.com/@material-ui/system/-/system-4.12.1.tgz#2dd96c243f8c0a331b2bb6d46efd7771a399707c"
    integrity sha512-lUdzs4q9kEXZGhbN7BptyiS1rLNHe6kG9o8Y307HCvF4sQxbCgpL2qi+gUk+yI8a2DNk48gISEQxoxpgph0xIw==
    dependencies:
      "@babel/runtime" "^7.4.4"
      "@material-ui/utils" "^4.11.2"
      csstype "^2.5.2"
      prop-types "^15.7.2"
  
  "@material-ui/types@5.1.0":
    version "5.1.0"
    resolved "https://registry.yarnpkg.com/@material-ui/types/-/types-5.1.0.tgz#efa1c7a0b0eaa4c7c87ac0390445f0f88b0d88f2"
    integrity sha512-7cqRjrY50b8QzRSYyhSpx4WRw2YuO0KKIGQEVk5J8uoz2BanawykgZGoWEqKm7pVIbzFDN0SpPcVV4IhOFkl8A==
  
  "@material-ui/utils@^4.11.2":
    version "4.11.2"
    resolved "https://registry.yarnpkg.com/@material-ui/utils/-/utils-4.11.2.tgz#f1aefa7e7dff2ebcb97d31de51aecab1bb57540a"
    integrity sha512-Uul8w38u+PICe2Fg2pDKCaIG7kOyhowZ9vjiC1FsVwPABTW8vPPKfF6OvxRq3IiBaI1faOJmgdvMG7rMJARBhA==
    dependencies:
      "@babel/runtime" "^7.4.4"
      prop-types "^15.7.2"
      react-is "^16.8.0 || ^17.0.0"
  
  "@popperjs/core@2.4.4":
    version "2.4.4"
    resolved "https://registry.yarnpkg.com/@popperjs/core/-/core-2.4.4.tgz#11d5db19bd178936ec89cd84519c4de439574398"
    integrity sha512-1oO6+dN5kdIA3sKPZhRGJTfGVP4SWV6KqlMOwry4J3HfyD68sl/3KmG7DeYUzvN+RbhXDnv/D8vNNB8168tAMg==
  
  "@reach/alert@0.13.2":
    version "0.13.2"
    resolved "https://registry.yarnpkg.com/@reach/alert/-/alert-0.13.2.tgz#71c4a848d51341f1d6d9eaae060975391c224870"
    integrity sha512-LDz83AXCrClyq/MWe+0vaZfHp1Ytqn+kgL5VxG7rirUvmluWaj/snxzfNPWn0Ma4K2YENmXXRC/iHt5X95SqIg==
    dependencies:
      "@reach/utils" "0.13.2"
      "@reach/visually-hidden" "0.13.2"
      prop-types "^15.7.2"
      tslib "^2.1.0"
  
  "@reach/utils@0.13.2":
    version "0.13.2"
    resolved "https://registry.yarnpkg.com/@reach/utils/-/utils-0.13.2.tgz#87e8fef8ebfe583fa48250238a1a3ed03189fcc8"
    integrity sha512-3ir6cN60zvUrwjOJu7C6jec/samqAeyAB12ZADK+qjnmQPdzSYldrFWwDVV5H0WkhbYXR3uh+eImu13hCetNPQ==
    dependencies:
      "@types/warning" "^3.0.0"
      tslib "^2.1.0"
      warning "^4.0.3"
  
  "@reach/visually-hidden@0.13.2":
    version "0.13.2"
    resolved "https://registry.yarnpkg.com/@reach/visually-hidden/-/visually-hidden-0.13.2.tgz#ee21de376a7e57e60dc92d95a671073796caa17e"
    integrity sha512-sPZwNS0/duOuG0mYwE5DmgEAzW9VhgU3aIt1+mrfT/xiT9Cdncqke+kRBQgU708q/Ttm9tWsoHni03nn/SuPTQ==
    dependencies:
      prop-types "^15.7.2"
      tslib "^2.1.0"
  
  "@types/hoist-non-react-statics@^3.3.0":
    version "3.3.1"
    resolved "https://registry.yarnpkg.com/@types/hoist-non-react-statics/-/hoist-non-react-statics-3.3.1.tgz#1124aafe5118cb591977aeb1ceaaed1070eb039f"
    integrity sha512-iMIqiko6ooLrTh1joXodJK5X9xeEALT1kM5G3ZLhD3hszxBdIEd5C75U834D9mLcINgD4OyZf5uQXjkuYydWvA==
    dependencies:
      "@types/react" "*"
      hoist-non-react-statics "^3.3.0"
  
  "@types/lodash.mergewith@4.6.6":
    version "4.6.6"
    resolved "https://registry.yarnpkg.com/@types/lodash.mergewith/-/lodash.mergewith-4.6.6.tgz#c4698f5b214a433ff35cb2c75ee6ec7f99d79f10"
    integrity sha512-RY/8IaVENjG19rxTZu9Nukqh0W2UrYgmBj5sdns4hWRZaV8PqR7wIKHFKzvOTjo4zVRV7sVI+yFhAJql12Kfqg==
    dependencies:
      "@types/lodash" "*"
  
  "@types/lodash@*":
    version "4.14.172"
    resolved "https://registry.yarnpkg.com/@types/lodash/-/lodash-4.14.172.tgz#aad774c28e7bfd7a67de25408e03ee5a8c3d028a"
    integrity sha512-/BHF5HAx3em7/KkzVKm3LrsD6HZAXuXO1AJZQ3cRRBZj4oHZDviWPYu0aEplAqDFNHZPW6d3G7KN+ONcCCC7pw==
  
  "@types/parse-json@^4.0.0":
    version "4.0.0"
    resolved "https://registry.yarnpkg.com/@types/parse-json/-/parse-json-4.0.0.tgz#2f8bb441434d163b35fb8ffdccd7138927ffb8c0"
    integrity sha512-//oorEZjL6sbPcKUaCdIGlIUeH26mgzimjBB77G6XRgnDl/L5wOnpyBGRe/Mmf5CVW3PwEBE1NjiMZ/ssFh4wA==
  
  "@types/prop-types@*":
    version "15.7.4"
    resolved "https://registry.yarnpkg.com/@types/prop-types/-/prop-types-15.7.4.tgz#fcf7205c25dff795ee79af1e30da2c9790808f11"
    integrity sha512-rZ5drC/jWjrArrS8BR6SIr4cWpW09RNTYt9AMZo3Jwwif+iacXAqgVjm0B0Bv/S1jhDXKHqRVNCbACkJ89RAnQ==
  
  "@types/raf@^3.4.0":
    version "3.4.0"
    resolved "https://registry.yarnpkg.com/@types/raf/-/raf-3.4.0.tgz#2b72cbd55405e071f1c4d29992638e022b20acc2"
    integrity sha512-taW5/WYqo36N7V39oYyHP9Ipfd5pNFvGTIQsNGj86xV88YQ7GnI30/yMfKDF7Zgin0m3e+ikX88FvImnK4RjGw==
  
  "@types/react-redux@^7.1.16":
    version "7.1.18"
    resolved "https://registry.yarnpkg.com/@types/react-redux/-/react-redux-7.1.18.tgz#2bf8fd56ebaae679a90ebffe48ff73717c438e04"
    integrity sha512-9iwAsPyJ9DLTRH+OFeIrm9cAbIj1i2ANL3sKQFATqnPWRbg+jEFXyZOKHiQK/N86pNRXbb4HRxAxo0SIX1XwzQ==
    dependencies:
      "@types/hoist-non-react-statics" "^3.3.0"
      "@types/react" "*"
      hoist-non-react-statics "^3.3.0"
      redux "^4.0.0"
  
  "@types/react-transition-group@^4.2.0":
    version "4.4.2"
    resolved "https://registry.yarnpkg.com/@types/react-transition-group/-/react-transition-group-4.4.2.tgz#38890fd9db68bf1f2252b99a942998dc7877c5b3"
    integrity sha512-KibDWL6nshuOJ0fu8ll7QnV/LVTo3PzQ9aCPnRUYPfX7eZohHwLIdNHj7pftanREzHNP4/nJa8oeM73uSiavMQ==
    dependencies:
      "@types/react" "*"
  
  "@types/react@*":
    version "17.0.20"
    resolved "https://registry.yarnpkg.com/@types/react/-/react-17.0.20.tgz#a4284b184d47975c71658cd69e759b6bd37c3b8c"
    integrity sha512-wWZrPlihslrPpcKyCSlmIlruakxr57/buQN1RjlIeaaTWDLtJkTtRW429MoQJergvVKc4IWBpRhWw7YNh/7GVA==
    dependencies:
      "@types/prop-types" "*"
      "@types/scheduler" "*"
      csstype "^3.0.2"
  
  "@types/scheduler@*":
    version "0.16.2"
    resolved "https://registry.yarnpkg.com/@types/scheduler/-/scheduler-0.16.2.tgz#1a62f89525723dde24ba1b01b092bf5df8ad4d39"
    integrity sha512-hppQEBDmlwhFAXKJX2KnWLYu5yMfi91yazPb2l+lbJiwW+wdo1gNeRA+3RgNSO39WYX2euey41KEwnqesU2Jew==
  
  "@types/styled-jsx@^2.2.8":
    version "2.2.9"
    resolved "https://registry.yarnpkg.com/@types/styled-jsx/-/styled-jsx-2.2.9.tgz#e50b3f868c055bcbf9bc353eca6c10fdad32a53f"
    integrity sha512-W/iTlIkGEyTBGTEvZCey8EgQlQ5l0DwMqi3iOXlLs2kyBwYTXHKEiU6IZ5EwoRwngL8/dGYuzezSup89ttVHLw==
    dependencies:
      "@types/react" "*"
  
  "@types/tinycolor2@1.4.2":
    version "1.4.2"
    resolved "https://registry.yarnpkg.com/@types/tinycolor2/-/tinycolor2-1.4.2.tgz#721ca5c5d1a2988b4a886e35c2ffc5735b6afbdf"
    integrity sha512-PeHg/AtdW6aaIO2a+98Xj7rWY4KC1E6yOy7AFknJQ7VXUGNrMlyxDFxJo7HqLtjQms/ZhhQX52mLVW/EX3JGOw==
  
  "@types/warning@^3.0.0":
    version "3.0.0"
    resolved "https://registry.yarnpkg.com/@types/warning/-/warning-3.0.0.tgz#0d2501268ad8f9962b740d387c4654f5f8e23e52"
    integrity sha1-DSUBJorY+ZYrdA04fEZU9fjiPlI=
  
  ansi-styles@^3.2.1:
    version "3.2.1"
    resolved "https://registry.yarnpkg.com/ansi-styles/-/ansi-styles-3.2.1.tgz#41fbb20243e50b12be0f04b8dedbf07520ce841d"
    integrity sha512-VT0ZI6kZRdTh8YyJw3SMbYm/u+NqfsAxEpWO0Pf9sq8/e94WxxOpPKx9FR1FlyCtOVDNOQ+8ntlqFxiRc+r5qA==
    dependencies:
      color-convert "^1.9.0"
  
  aria-hidden@^1.1.1:
    version "1.1.3"
    resolved "https://registry.yarnpkg.com/aria-hidden/-/aria-hidden-1.1.3.tgz#bb48de18dc84787a3c6eee113709c473c64ec254"
    integrity sha512-RhVWFtKH5BiGMycI72q2RAFMLQi8JP9bLuQXgR5a8Znp7P5KOIADSJeyfI8PCVxLEp067B2HbP5JIiI/PXIZeA==
    dependencies:
      tslib "^1.0.0"
  
  atob@^2.1.2:
    version "2.1.2"
    resolved "https://registry.yarnpkg.com/atob/-/atob-2.1.2.tgz#6d9517eb9e030d2436666651e86bd9f6f13533c9"
    integrity sha512-Wm6ukoaOGJi/73p/cl2GvLjTI5JM1k/O14isD73YML8StrH/7/lRFgmg8nICZgD3bZZvjwCGxtMOD3wWNAu8cg==
  
  babel-plugin-macros@^2.6.1:
    version "2.8.0"
    resolved "https://registry.yarnpkg.com/babel-plugin-macros/-/babel-plugin-macros-2.8.0.tgz#0f958a7cc6556b1e65344465d99111a1e5e10138"
    integrity sha512-SEP5kJpfGYqYKpBrj5XU3ahw5p5GOHJ0U5ssOSQ/WBVdwkD2Dzlce95exQTs3jOVWPPKLBN2rlEWkCK7dSmLvg==
    dependencies:
      "@babel/runtime" "^7.7.2"
      cosmiconfig "^6.0.0"
      resolve "^1.12.0"
  
  base64-arraybuffer@^0.2.0:
    version "0.2.0"
    resolved "https://registry.yarnpkg.com/base64-arraybuffer/-/base64-arraybuffer-0.2.0.tgz#4b944fac0191aa5907afe2d8c999ccc57ce80f45"
    integrity sha512-7emyCsu1/xiBXgQZrscw/8KPRT44I4Yq9Pe6EGs3aPRTsWuggML1/1DTuZUuIaJPIm1FTDUVXl4x/yW8s0kQDQ==
  
  base64-arraybuffer@^1.0.1:
    version "1.0.1"
    resolved "https://registry.yarnpkg.com/base64-arraybuffer/-/base64-arraybuffer-1.0.1.tgz#87bd13525626db4a9838e00a508c2b73efcf348c"
    integrity sha512-vFIUq7FdLtjZMhATwDul5RZWv2jpXQ09Pd6jcVEOvIsqCWTRFD/ONHNfyOS8dA/Ippi5dsIgpyKWKZaAKZltbA==
  
  btoa@^1.2.1:
    version "1.2.1"
    resolved "https://registry.yarnpkg.com/btoa/-/btoa-1.2.1.tgz#01a9909f8b2c93f6bf680ba26131eb30f7fa3d73"
    integrity sha512-SB4/MIGlsiVkMcHmT+pSmIPoNDoHg+7cMzmt3Uxt628MTz2487DKSqK/fuhFBrkuqrYv5UCEnACpF4dTFNKc/g==
  
  callsites@^3.0.0:
    version "3.1.0"
    resolved "https://registry.yarnpkg.com/callsites/-/callsites-3.1.0.tgz#b3630abd8943432f54b3f0519238e33cd7df2f73"
    integrity sha512-P8BjAsXvZS+VIDUI11hHCQEv74YT67YUi5JJFNWIqL235sBmjX4+qx9Muvls5ivyNENctx46xQLQ3aTuE7ssaQ==
  
  canvg@^3.0.6:
    version "3.0.7"
    resolved "https://registry.yarnpkg.com/canvg/-/canvg-3.0.7.tgz#e45b87a64116af906917f7cad57d370ea372d682"
    integrity sha512-4sq6iL5Q4VOXS3PL1BapiXIZItpxYyANVzsAKpTPS5oq4u3SKbGfUcbZh2gdLCQ3jWpG/y5wRkMlBBAJhXeiZA==
    dependencies:
      "@babel/runtime-corejs3" "^7.9.6"
      "@types/raf" "^3.4.0"
      raf "^3.4.1"
      rgbcolor "^1.0.1"
      stackblur-canvas "^2.0.0"
      svg-pathdata "^5.0.5"
  
  chalk@^2.0.0:
    version "2.4.2"
    resolved "https://registry.yarnpkg.com/chalk/-/chalk-2.4.2.tgz#cd42541677a54333cf541a49108c1432b44c9424"
    integrity sha512-Mti+f9lpJNcwF4tWV8/OrTTtF1gZi+f8FqlyAdouralcFWFQWF2+NgCHShjkCb+IFBLq9buZwE1xckQU4peSuQ==
    dependencies:
      ansi-styles "^3.2.1"
      escape-string-regexp "^1.0.5"
      supports-color "^5.3.0"
  
  classnames@2.2.6:
    version "2.2.6"
    resolved "https://registry.yarnpkg.com/classnames/-/classnames-2.2.6.tgz#43935bffdd291f326dad0a205309b38d00f650ce"
    integrity sha512-JR/iSQOSt+LQIWwrwEzJ9uk0xfN3mTVYMwt1Ir5mUcSN6pU+V4zQFFaJsclJbPuAUQH+yfWef6tm7l1quW3C8Q==
  
  clsx@^1.0.2, clsx@^1.0.4:
    version "1.1.1"
    resolved "https://registry.yarnpkg.com/clsx/-/clsx-1.1.1.tgz#98b3134f9abbdf23b2663491ace13c5c03a73188"
    integrity sha512-6/bPho624p3S2pMyvP5kKBPXnI3ufHLObBFCfgx+LkeR5lg2XYy2hqZqUf45ypD8COn2bhgGJSUE+l5dhNBieA==
  
  color-convert@^1.9.0:
    version "1.9.3"
    resolved "https://registry.yarnpkg.com/color-convert/-/color-convert-1.9.3.tgz#bb71850690e1f136567de629d2d5471deda4c1e8"
    integrity sha512-QfAUtd+vFdAtFQcC8CCyYt1fYWxSqAiK2cSD6zDB8N3cpsEBAvRxp9zOGg6G/SHHJYAT88/az/IuDGALsNVbGg==
    dependencies:
      color-name "1.1.3"
  
  color-name@1.1.3:
    version "1.1.3"
    resolved "https://registry.yarnpkg.com/color-name/-/color-name-1.1.3.tgz#a7d0558bd89c42f795dd42328f740831ca53bc25"
    integrity sha1-p9BVi9icQveV3UIyj3QIMcpTvCU=
  
  compute-scroll-into-view@1.0.14:
    version "1.0.14"
    resolved "https://registry.yarnpkg.com/compute-scroll-into-view/-/compute-scroll-into-view-1.0.14.tgz#80e3ebb25d6aa89f42e533956cb4b16a04cfe759"
    integrity sha512-mKDjINe3tc6hGelUMNDzuhorIUZ7kS7BwyY0r2wQd2HOH2tRuJykiC06iSEX8y1TuhNzvz4GcJnK16mM2J1NMQ==
  
  convert-source-map@^1.5.0:
    version "1.8.0"
    resolved "https://registry.yarnpkg.com/convert-source-map/-/convert-source-map-1.8.0.tgz#f3373c32d21b4d780dd8004514684fb791ca4369"
    integrity sha512-+OQdjP49zViI/6i7nIJpA8rAl4sV/JdPfU9nZs3VqOwGIgizICvuN2ru6fMd+4llL0tar18UYJXfZ/TWtmhUjA==
    dependencies:
      safe-buffer "~5.1.1"
  
  copy-to-clipboard@3.3.1:
    version "3.3.1"
    resolved "https://registry.yarnpkg.com/copy-to-clipboard/-/copy-to-clipboard-3.3.1.tgz#115aa1a9998ffab6196f93076ad6da3b913662ae"
    integrity sha512-i13qo6kIHTTpCm8/Wup+0b1mVWETvu2kIMzKoK8FpkLkFxlt0znUAHcMzox+T8sPlqtZXq3CulEjQHsYiGFJUw==
    dependencies:
      toggle-selection "^1.0.6"
  
  core-js-pure@^3.16.0:
    version "3.17.3"
    resolved "https://registry.yarnpkg.com/core-js-pure/-/core-js-pure-3.17.3.tgz#98ea3587188ab7ef4695db6518eeb71aec42604a"
    integrity sha512-YusrqwiOTTn8058JDa0cv9unbXdIiIgcgI9gXso0ey4WgkFLd3lYlV9rp9n7nDCsYxXsMDTjA4m1h3T348mdlQ==
  
  core-js@^3.6.0:
    version "3.17.3"
    resolved "https://registry.yarnpkg.com/core-js/-/core-js-3.17.3.tgz#8e8bd20e91df9951e903cabe91f9af4a0895bc1e"
    integrity sha512-lyvajs+wd8N1hXfzob1LdOCCHFU4bGMbqqmLn1Q4QlCpDqWPpGf+p0nj+LNrvDDG33j0hZXw2nsvvVpHysxyNw==
  
  cosmiconfig@^6.0.0:
    version "6.0.0"
    resolved "https://registry.yarnpkg.com/cosmiconfig/-/cosmiconfig-6.0.0.tgz#da4fee853c52f6b1e6935f41c1a2fc50bd4a9982"
    integrity sha512-xb3ZL6+L8b9JLLCx3ZdoZy4+2ECphCMo2PwqgP1tlfVq6M6YReyzBJtvWWtbDSpNr9hn96pkCiZqUcFEc+54Qg==
    dependencies:
      "@types/parse-json" "^4.0.0"
      import-fresh "^3.1.0"
      parse-json "^5.0.0"
      path-type "^4.0.0"
      yaml "^1.7.2"
  
  css-box-model@1.2.1, css-box-model@^1.2.0:
    version "1.2.1"
    resolved "https://registry.yarnpkg.com/css-box-model/-/css-box-model-1.2.1.tgz#59951d3b81fd6b2074a62d49444415b0d2b4d7c1"
    integrity sha512-a7Vr4Q/kd/aw96bnJG332W9V9LkJO69JRcaCYDUqjp6/z0w6VcZjgAcTbgFxEPfBgdnAwlh3iwu+hLopa+flJw==
    dependencies:
      tiny-invariant "^1.0.6"
  
  css-line-break@2.0.1:
    version "2.0.1"
    resolved "https://registry.yarnpkg.com/css-line-break/-/css-line-break-2.0.1.tgz#3dc74c2ed5eb64211480281932475790243e7338"
    integrity sha512-gwKYIMUn7xodIcb346wgUhE2Dt5O1Kmrc16PWi8sL4FTfyDj8P5095rzH7+O8CTZudJr+uw2GCI/hwEkDJFI2w==
    dependencies:
      base64-arraybuffer "^0.2.0"
  
  css-vendor@^2.0.8:
    version "2.0.8"
    resolved "https://registry.yarnpkg.com/css-vendor/-/css-vendor-2.0.8.tgz#e47f91d3bd3117d49180a3c935e62e3d9f7f449d"
    integrity sha512-x9Aq0XTInxrkuFeHKbYC7zWY8ai7qJ04Kxd9MnvbC1uO5DagxoHQjm4JvG+vCdXOoFtCjbL2XSZfxmoYa9uQVQ==
    dependencies:
      "@babel/runtime" "^7.8.3"
      is-in-browser "^1.0.2"
  
  csstype@^2.5.2:
    version "2.6.18"
    resolved "https://registry.yarnpkg.com/csstype/-/csstype-2.6.18.tgz#980a8b53085f34af313410af064f2bd241784218"
    integrity sha512-RSU6Hyeg14am3Ah4VZEmeX8H7kLwEEirXe6aU2IPfKNvhXwTflK5HQRDNI0ypQXoqmm+QPyG2IaPuQE5zMwSIQ==
  
  csstype@^3.0.2, csstype@^3.0.6:
    version "3.0.9"
    resolved "https://registry.yarnpkg.com/csstype/-/csstype-3.0.9.tgz#6410af31b26bd0520933d02cbc64fce9ce3fbf0b"
    integrity sha512-rpw6JPxK6Rfg1zLOYCSwle2GFOOsnjmDYDaBwEcwoOg4qlsIVCN789VkBZDJAGi4T07gI4YSutR43t9Zz4Lzuw==
  
  date-fns@2.0.0-alpha.27:
    version "2.0.0-alpha.27"
    resolved "https://registry.yarnpkg.com/date-fns/-/date-fns-2.0.0-alpha.27.tgz#5ecd4204ef0e7064264039570f6e8afbc014481c"
    integrity sha512-cqfVLS+346P/Mpj2RpDrBv0P4p2zZhWWvfY5fuWrXNR/K38HaAGEkeOwb47hIpQP9Jr/TIxjZ2/sNMQwdXuGMg==
  
  debounce@1.2.0:
    version "1.2.0"
    resolved "https://registry.yarnpkg.com/debounce/-/debounce-1.2.0.tgz#44a540abc0ea9943018dc0eaa95cce87f65cd131"
    integrity sha512-mYtLl1xfZLi1m4RtQYlZgJUNQjl4ZxVnHzIR8nLLgi4q1YT8o/WM+MK/f8yfcc9s5Ir5zRaPZyZU6xs1Syoocg==
  
  detect-node-es@^1.1.0:
    version "1.1.0"
    resolved "https://registry.yarnpkg.com/detect-node-es/-/detect-node-es-1.1.0.tgz#163acdf643330caa0b4cd7c21e7ee7755d6fa493"
    integrity sha512-ypdmJU/TbBby2Dxibuv7ZLW3Bs1QEmM7nHjEANfohJLvE0XVujisn1qPJcZxg+qDucsr+bP6fLD1rPS3AhJ7EQ==
  
  dom-helpers@^5.0.1:
    version "5.2.1"
    resolved "https://registry.yarnpkg.com/dom-helpers/-/dom-helpers-5.2.1.tgz#d9400536b2bf8225ad98fe052e029451ac40e902"
    integrity sha512-nRCa7CK3VTrM2NmGkIy4cbK7IZlgBE/PYMn55rrXefr5xXDP0LdtfPnblFDoVdcAfslJ7or6iqAUnx0CCGIWQA==
    dependencies:
      "@babel/runtime" "^7.8.7"
      csstype "^3.0.2"
  
  dompurify@^2.0.12:
    version "2.3.1"
    resolved "https://registry.yarnpkg.com/dompurify/-/dompurify-2.3.1.tgz#a47059ca21fd1212d3c8f71fdea6943b8bfbdf6a"
    integrity sha512-xGWt+NHAQS+4tpgbOAI08yxW0Pr256Gu/FNE2frZVTbgrBUn8M7tz7/ktS/LZ2MHeGqz6topj0/xY+y8R5FBFw==
  
  error-ex@^1.3.1:
    version "1.3.2"
    resolved "https://registry.yarnpkg.com/error-ex/-/error-ex-1.3.2.tgz#b4ac40648107fdcdcfae242f428bea8a14d4f1bf"
    integrity sha512-7dFHNmqeFSEt2ZBsCriorKnn3Z2pj+fd9kmI6QoWw4//DL+icEBfc0U7qJCisqrTsKTjw4fNFy2pW9OqStD84g==
    dependencies:
      is-arrayish "^0.2.1"
  
  escape-string-regexp@^1.0.5:
    version "1.0.5"
    resolved "https://registry.yarnpkg.com/escape-string-regexp/-/escape-string-regexp-1.0.5.tgz#1b61c0562190a8dff6ae3bb2cf0200ca130b86d4"
    integrity sha1-G2HAViGQqN/2rjuyzwIAyhMLhtQ=
  
  escape-string-regexp@^4.0.0:
    version "4.0.0"
    resolved "https://registry.yarnpkg.com/escape-string-regexp/-/escape-string-regexp-4.0.0.tgz#14ba83a5d373e3d311e5afca29cf5bfad965bf34"
    integrity sha512-TtpcNJ3XAzx3Gq8sWRzJaVajRs0uVxA2YAkdb1jm2YkPz4G6egUFAyA3n5vtEIZefPk5Wa4UXbKuS5fKkJWdgA==
  
  fast-deep-equal@2.0.1:
    version "2.0.1"
    resolved "https://registry.yarnpkg.com/fast-deep-equal/-/fast-deep-equal-2.0.1.tgz#7b05218ddf9667bf7f370bf7fdb2cb15fdd0aa49"
    integrity sha1-ewUhjd+WZ79/Nwv3/bLLFf3Qqkk=
  
  filefy@0.1.10:
    version "0.1.10"
    resolved "https://registry.yarnpkg.com/filefy/-/filefy-0.1.10.tgz#174677c8e2fa5bc39a3af0ed6fb492f16b8fbf42"
    integrity sha512-VgoRVOOY1WkTpWH+KBy8zcU1G7uQTVsXqhWEgzryB9A5hg2aqCyZ6aQ/5PSzlqM5+6cnVrX6oYV0XqD3HZSnmQ==
  
  find-root@^1.1.0:
    version "1.1.0"
    resolved "https://registry.yarnpkg.com/find-root/-/find-root-1.1.0.tgz#abcfc8ba76f708c42a97b3d685b7e9450bfb9ce4"
    integrity sha512-NKfW6bec6GfKc0SGx1e07QZY9PE99u0Bft/0rzSD5k3sO/vwkVUpDUKVm5Gpp5Ue3YfShPFTX2070tDs5kB9Ng==
  
  focus-lock@^0.8.1:
    version "0.8.1"
    resolved "https://registry.yarnpkg.com/focus-lock/-/focus-lock-0.8.1.tgz#bb36968abf77a2063fa173cb6c47b12ac8599d33"
    integrity sha512-/LFZOIo82WDsyyv7h7oc0MJF9ACOvDRdx9rWPZ2pgMfNWu/z8hQDBtOchuB/0BVLmuFOZjV02YwUVzNsWx/EzA==
    dependencies:
      tslib "^1.9.3"
  
  framer-motion@^4:
    version "4.1.17"
    resolved "https://registry.yarnpkg.com/framer-motion/-/framer-motion-4.1.17.tgz#4029469252a62ea599902e5a92b537120cc89721"
    integrity sha512-thx1wvKzblzbs0XaK2X0G1JuwIdARcoNOW7VVwjO8BUltzXPyONGAElLu6CiCScsOQRI7FIk/45YTFtJw5Yozw==
    dependencies:
      framesync "5.3.0"
      hey-listen "^1.0.8"
      popmotion "9.3.6"
      style-value-types "4.1.4"
      tslib "^2.1.0"
    optionalDependencies:
      "@emotion/is-prop-valid" "^0.8.2"
  
  framesync@5.3.0:
    version "5.3.0"
    resolved "https://registry.yarnpkg.com/framesync/-/framesync-5.3.0.tgz#0ecfc955e8f5a6ddc8fdb0cc024070947e1a0d9b"
    integrity sha512-oc5m68HDO/tuK2blj7ZcdEBRx3p1PjrgHazL8GYEpvULhrtGIFbQArN6cQS2QhW8mitffaB+VYzMjDqBxxQeoA==
    dependencies:
      tslib "^2.1.0"
  
  function-bind@^1.1.1:
    version "1.1.1"
    resolved "https://registry.yarnpkg.com/function-bind/-/function-bind-1.1.1.tgz#a56899d3ea3c9bab874bb9773b7c5ede92f4895d"
    integrity sha512-yIovAzMX49sF8Yl58fSCWJ5svSLuaibPxXQJFLmBObTuCr0Mf1KiPopGM9NiFjiYBCbfaa2Fh6breQ6ANVTI0A==
  
  get-nonce@^1.0.0:
    version "1.0.1"
    resolved "https://registry.yarnpkg.com/get-nonce/-/get-nonce-1.0.1.tgz#fdf3f0278073820d2ce9426c18f07481b1e0cdf3"
    integrity sha512-FJhYRoDaiatfEkUK8HKlicmu/3SGFD51q3itKDGoSTysQJBnfOcxU5GxnhE1E6soB76MbT0MBtnKJuXyAx+96Q==
  
  has-flag@^3.0.0:
    version "3.0.0"
    resolved "https://registry.yarnpkg.com/has-flag/-/has-flag-3.0.0.tgz#b5d454dc2199ae225699f3467e5a07f3b955bafd"
    integrity sha1-tdRU3CGZriJWmfNGfloH87lVuv0=
  
  has@^1.0.3:
    version "1.0.3"
    resolved "https://registry.yarnpkg.com/has/-/has-1.0.3.tgz#722d7cbfc1f6aa8241f16dd814e011e1f41e8796"
    integrity sha512-f2dvO0VU6Oej7RkWJGrehjbzMAjFp5/VKPp5tTpWIV4JHHZK1/BxbFRtf/siA2SWTe09caDmVtYYzWEIbBS4zw==
    dependencies:
      function-bind "^1.1.1"
  
  hey-listen@^1.0.8:
    version "1.0.8"
    resolved "https://registry.yarnpkg.com/hey-listen/-/hey-listen-1.0.8.tgz#8e59561ff724908de1aa924ed6ecc84a56a9aa68"
    integrity sha512-COpmrF2NOg4TBWUJ5UVyaCU2A88wEMkUPK4hNqyCkqHbxT92BbvfjoSozkAIIm6XhicGlJHhFdullInrdhwU8Q==
  
  hoist-non-react-statics@^3.3.0, hoist-non-react-statics@^3.3.1, hoist-non-react-statics@^3.3.2:
    version "3.3.2"
    resolved "https://registry.yarnpkg.com/hoist-non-react-statics/-/hoist-non-react-statics-3.3.2.tgz#ece0acaf71d62c2969c2ec59feff42a4b1a85b45"
    integrity sha512-/gGivxi8JPKWNm/W0jSmzcMPpfpPLc3dY/6GxhX2hQ9iGj3aDfklV4ET7NjKpSinLpJ5vafa9iiGIEZg10SfBw==
    dependencies:
      react-is "^16.7.0"
  
  html2canvas@^1.0.0-rc.5:
    version "1.3.2"
    resolved "https://registry.yarnpkg.com/html2canvas/-/html2canvas-1.3.2.tgz#951cc8388a3ce939fdac02131007ee28124afc27"
    integrity sha512-4+zqv87/a1LsaCrINV69wVLGG8GBZcYBboz1JPWEgiXcWoD9kroLzccsBRU/L9UlfV2MAZ+3J92U9IQPVMDeSQ==
    dependencies:
      css-line-break "2.0.1"
      text-segmentation "^1.0.2"
  
  hyphenate-style-name@^1.0.3:
    version "1.0.4"
    resolved "https://registry.yarnpkg.com/hyphenate-style-name/-/hyphenate-style-name-1.0.4.tgz#691879af8e220aea5750e8827db4ef62a54e361d"
    integrity sha512-ygGZLjmXfPHj+ZWh6LwbC37l43MhfztxetbFCoYTM2VjkIUpeHgSNn7QIyVFj7YQ1Wl9Cbw5sholVJPzWvC2MQ==
  
  import-fresh@^3.1.0:
    version "3.3.0"
    resolved "https://registry.yarnpkg.com/import-fresh/-/import-fresh-3.3.0.tgz#37162c25fcb9ebaa2e6e53d5b4d88ce17d9e0c2b"
    integrity sha512-veYYhQa+D1QBKznvhUHxb8faxlrwUnxseDAbAp457E0wLNio2bOSKnjYDhMj+YiAq61xrMGhQk9iXVk5FzgQMw==
    dependencies:
      parent-module "^1.0.0"
      resolve-from "^4.0.0"
  
  invariant@^2.2.4:
    version "2.2.4"
    resolved "https://registry.yarnpkg.com/invariant/-/invariant-2.2.4.tgz#610f3c92c9359ce1db616e538008d23ff35158e6"
    integrity sha512-phJfQVBuaJM5raOpJjSfkiD6BpbCE4Ns//LaXl6wGYtUBY83nWS6Rf9tXm2e8VaK60JEjYldbPif/A2B1C2gNA==
    dependencies:
      loose-envify "^1.0.0"
  
  is-arrayish@^0.2.1:
    version "0.2.1"
    resolved "https://registry.yarnpkg.com/is-arrayish/-/is-arrayish-0.2.1.tgz#77c99840527aa8ecb1a8ba697b80645a7a926a9d"
    integrity sha1-d8mYQFJ6qOyxqLppe4BkWnqSap0=
  
  is-core-module@^2.2.0:
    version "2.6.0"
    resolved "https://registry.yarnpkg.com/is-core-module/-/is-core-module-2.6.0.tgz#d7553b2526fe59b92ba3e40c8df757ec8a709e19"
    integrity sha512-wShG8vs60jKfPWpF2KZRaAtvt3a20OAn7+IJ6hLPECpSABLcKtFKTTI4ZtH5QcBruBHlq+WsdHWyz0BCZW7svQ==
    dependencies:
      has "^1.0.3"
  
  is-in-browser@^1.0.2, is-in-browser@^1.1.3:
    version "1.1.3"
    resolved "https://registry.yarnpkg.com/is-in-browser/-/is-in-browser-1.1.3.tgz#56ff4db683a078c6082eb95dad7dc62e1d04f835"
    integrity sha1-Vv9NtoOgeMYILrldrX3GLh0E+DU=
  
  "js-tokens@^3.0.0 || ^4.0.0", js-tokens@^4.0.0:
    version "4.0.0"
    resolved "https://registry.yarnpkg.com/js-tokens/-/js-tokens-4.0.0.tgz#19203fb59991df98e3a287050d4647cdeaf32499"
    integrity sha512-RdJUflcE3cUzKiMqQgsCu06FPu9UdIJO0beYbPhHN4k6apgJtifcoCtT9bcxOpYBtpD2kCM6Sbzg4CausW/PKQ==
  
  json-parse-even-better-errors@^2.3.0:
    version "2.3.1"
    resolved "https://registry.yarnpkg.com/json-parse-even-better-errors/-/json-parse-even-better-errors-2.3.1.tgz#7c47805a94319928e05777405dc12e1f7a4ee02d"
    integrity sha512-xyFwyhro/JEof6Ghe2iz2NcXoj2sloNsWr/XsERDK/oiPCfaNhl5ONfp+jQdAZRQQ0IJWNzH9zIZF7li91kh2w==
  
  jspdf-autotable@3.5.9:
    version "3.5.9"
    resolved "https://registry.yarnpkg.com/jspdf-autotable/-/jspdf-autotable-3.5.9.tgz#8a625ef2aead44271da95e9f649843c401536925"
    integrity sha512-ZRfiI5P7leJuWmvC0jGVXu227m68C2Jfz1dkDckshmDYDeVFCGxwIBYdCUXJ8Eb2CyFQC2ok82fEWO+xRDovDQ==
  
  jspdf@2.1.0:
    version "2.1.0"
    resolved "https://registry.yarnpkg.com/jspdf/-/jspdf-2.1.0.tgz#2322f8644bc41845b3abe20db4c3ca0adeadb84c"
    integrity sha512-NQygqZEKhSw+nExySJxB72Ge/027YEyIM450Vh/hgay/H9cgZNnkXXOQPRspe9EuCW4sq92zg8hpAXyyBdnaIQ==
    dependencies:
      atob "^2.1.2"
      btoa "^1.2.1"
    optionalDependencies:
      canvg "^3.0.6"
      core-js "^3.6.0"
      dompurify "^2.0.12"
      html2canvas "^1.0.0-rc.5"
  
  jss-plugin-camel-case@^10.5.1:
    version "10.7.1"
    resolved "https://registry.yarnpkg.com/jss-plugin-camel-case/-/jss-plugin-camel-case-10.7.1.tgz#e7f7097cf97e9deec599cef3275e213452318b93"
    integrity sha512-+ioIyWvmAfgDCWXsQcW1NMnLBvRinOVFkSYJUgewQ6TynOcSj5F1bSU23B7z0p1iqK0PPHIU62xY1iNJD33WGA==
    dependencies:
      "@babel/runtime" "^7.3.1"
      hyphenate-style-name "^1.0.3"
      jss "10.7.1"
  
  jss-plugin-default-unit@^10.5.1:
    version "10.7.1"
    resolved "https://registry.yarnpkg.com/jss-plugin-default-unit/-/jss-plugin-default-unit-10.7.1.tgz#826270e2ee38d7024a281ac67c30d6944f124786"
    integrity sha512-tW+dfYVNARBQb/ONzBwd8uyImigyzMiAEDai+AbH5rcHg5h3TtqhAkxx06iuZiT/dZUiFdSKlbe3q9jZGAPIwA==
    dependencies:
      "@babel/runtime" "^7.3.1"
      jss "10.7.1"
  
  jss-plugin-global@^10.5.1:
    version "10.7.1"
    resolved "https://registry.yarnpkg.com/jss-plugin-global/-/jss-plugin-global-10.7.1.tgz#9725c46d662aac2e596a0a8741944c060e2b90a1"
    integrity sha512-FbxCnu44IkK/bw8X3CwZKmcAnJqjAb9LujlAc/aP0bMSdVa3/MugKQRyeQSu00uGL44feJJDoeXXiHOakBr/Zw==
    dependencies:
      "@babel/runtime" "^7.3.1"
      jss "10.7.1"
  
  jss-plugin-nested@^10.5.1:
    version "10.7.1"
    resolved "https://registry.yarnpkg.com/jss-plugin-nested/-/jss-plugin-nested-10.7.1.tgz#35563a7a710a45307fd6b9742ffada1d72a62eb7"
    integrity sha512-RNbICk7FlYKaJyv9tkMl7s6FFfeLA3ubNIFKvPqaWtADK0KUaPsPXVYBkAu4x1ItgsWx67xvReMrkcKA0jSXfA==
    dependencies:
      "@babel/runtime" "^7.3.1"
      jss "10.7.1"
      tiny-warning "^1.0.2"
  
  jss-plugin-props-sort@^10.5.1:
    version "10.7.1"
    resolved "https://registry.yarnpkg.com/jss-plugin-props-sort/-/jss-plugin-props-sort-10.7.1.tgz#1d12b26048541ed3a2ed1b69f7fc231605728362"
    integrity sha512-eyd5FhA+J0QrpqXxO7YNF/HMSXXl4pB0EmUdY4vSJI4QG22F59vQ6AHtP6fSwhmBdQ98Qd9gjfO+RMxcE39P1A==
    dependencies:
      "@babel/runtime" "^7.3.1"
      jss "10.7.1"
  
  jss-plugin-rule-value-function@^10.5.1:
    version "10.7.1"
    resolved "https://registry.yarnpkg.com/jss-plugin-rule-value-function/-/jss-plugin-rule-value-function-10.7.1.tgz#123eb796eb9982f8efa7a7e362daddd90c0c69fe"
    integrity sha512-fGAAImlbaHD3fXAHI3ooX6aRESOl5iBt3LjpVjxs9II5u9tzam7pqFUmgTcrip9VpRqYHn8J3gA7kCtm8xKwHg==
    dependencies:
      "@babel/runtime" "^7.3.1"
      jss "10.7.1"
      tiny-warning "^1.0.2"
  
  jss-plugin-vendor-prefixer@^10.5.1:
    version "10.7.1"
    resolved "https://registry.yarnpkg.com/jss-plugin-vendor-prefixer/-/jss-plugin-vendor-prefixer-10.7.1.tgz#217821be2d6dacee31d2d464886760ba7742e19a"
    integrity sha512-1UHFmBn7hZNsHXTkLLOL8abRl8vi+D1EVzWD4WmLFj55vawHZfnH1oEz6TUf5Y61XHv0smdHabdXds6BgOXe3A==
    dependencies:
      "@babel/runtime" "^7.3.1"
      css-vendor "^2.0.8"
      jss "10.7.1"
  
  jss@10.7.1, jss@^10.5.1:
    version "10.7.1"
    resolved "https://registry.yarnpkg.com/jss/-/jss-10.7.1.tgz#16d846e1a22fb42e857b99f9c6a0c5a27341c804"
    integrity sha512-5QN8JSVZR6cxpZNeGfzIjqPEP+ZJwJJfZbXmeABNdxiExyO+eJJDy6WDtqTf8SDKnbL5kZllEpAP71E/Lt7PXg==
    dependencies:
      "@babel/runtime" "^7.3.1"
      csstype "^3.0.2"
      is-in-browser "^1.1.3"
      tiny-warning "^1.0.2"
  
  lines-and-columns@^1.1.6:
    version "1.1.6"
    resolved "https://registry.yarnpkg.com/lines-and-columns/-/lines-and-columns-1.1.6.tgz#1c00c743b433cd0a4e80758f7b64a57440d9ff00"
    integrity sha1-HADHQ7QzzQpOgHWPe2SldEDZ/wA=
  
  lodash.mergewith@4.6.2:
    version "4.6.2"
    resolved "https://registry.yarnpkg.com/lodash.mergewith/-/lodash.mergewith-4.6.2.tgz#617121f89ac55f59047c7aec1ccd6654c6590f55"
    integrity sha512-GK3g5RPZWTRSeLSpgP8Xhra+pnjBC56q9FZYe1d5RN3TJ35dbkGy3YqBSMbyCrlbi+CM9Z3Jk5yTL7RCsqboyQ==
  
  loose-envify@^1.0.0, loose-envify@^1.3.1, loose-envify@^1.4.0:
    version "1.4.0"
    resolved "https://registry.yarnpkg.com/loose-envify/-/loose-envify-1.4.0.tgz#71ee51fa7be4caec1a63839f7e682d8132d30caf"
    integrity sha512-lyuxPGr/Wfhrlem2CL/UcnUc1zcqKAImBDzukY7Y5F/yQiNdko6+fRLevlw1HgMySw7f611UIY408EtxRSoK3Q==
    dependencies:
      js-tokens "^3.0.0 || ^4.0.0"
  
  material-table@^1.69.3:
    version "1.69.3"
    resolved "https://registry.yarnpkg.com/material-table/-/material-table-1.69.3.tgz#3f282cffecf5461985965cd4a516bebb8069bf2d"
    integrity sha512-UT/eQbUqfAg6XstcnM8dOQNgWmWbH5tbRmwqfGfPKQUQQXq/jb1z2spFHXPJBhEZFmk+Q95HlopiE6nAHymLMw==
    dependencies:
      "@date-io/date-fns" "1.1.0"
      "@material-ui/pickers" "3.2.2"
      classnames "2.2.6"
      date-fns "2.0.0-alpha.27"
      debounce "1.2.0"
      fast-deep-equal "2.0.1"
      filefy "0.1.10"
      jspdf "2.1.0"
      jspdf-autotable "3.5.9"
      prop-types "15.6.2"
      react-beautiful-dnd "13.0.0"
      react-double-scrollbar "0.0.15"
  
  memoize-one@^5.1.1:
    version "5.2.1"
    resolved "https://registry.yarnpkg.com/memoize-one/-/memoize-one-5.2.1.tgz#8337aa3c4335581839ec01c3d594090cebe8f00e"
    integrity sha512-zYiwtZUcYyXKo/np96AGZAckk+FWWsUdJ3cHGGmld7+AhvcWmQyGCYUh1hc4Q/pkOhb65dQR/pqCyK0cOaHz4Q==
  
  object-assign@^4.1.1:
    version "4.1.1"
    resolved "https://registry.yarnpkg.com/object-assign/-/object-assign-4.1.1.tgz#2109adc7965887cfc05cbbd442cac8bfbb360863"
    integrity sha1-IQmtx5ZYh8/AXLvUQsrIv7s2CGM=
  
  parent-module@^1.0.0:
    version "1.0.1"
    resolved "https://registry.yarnpkg.com/parent-module/-/parent-module-1.0.1.tgz#691d2709e78c79fae3a156622452d00762caaaa2"
    integrity sha512-GQ2EWRpQV8/o+Aw8YqtfZZPfNRWZYkbidE9k5rpl/hC3vtHHBfGm2Ifi6qWV+coDGkrUKZAxE3Lot5kcsRlh+g==
    dependencies:
      callsites "^3.0.0"
  
  parse-json@^5.0.0:
    version "5.2.0"
    resolved "https://registry.yarnpkg.com/parse-json/-/parse-json-5.2.0.tgz#c76fc66dee54231c962b22bcc8a72cf2f99753cd"
    integrity sha512-ayCKvm/phCGxOkYRSCM82iDwct8/EonSEgCSxWxD7ve6jHggsFl4fZVQBPRNgQoKiuV/odhFrGzQXZwbifC8Rg==
    dependencies:
      "@babel/code-frame" "^7.0.0"
      error-ex "^1.3.1"
      json-parse-even-better-errors "^2.3.0"
      lines-and-columns "^1.1.6"
  
  path-parse@^1.0.6:
    version "1.0.7"
    resolved "https://registry.yarnpkg.com/path-parse/-/path-parse-1.0.7.tgz#fbc114b60ca42b30d9daf5858e4bd68bbedb6735"
    integrity sha512-LDJzPVEEEPR+y48z93A0Ed0yXb8pAByGWo/k5YYdYgpY2/2EsOsksJrq7lOHxryrVOn1ejG6oAp8ahvOIQD8sw==
  
  path-type@^4.0.0:
    version "4.0.0"
    resolved "https://registry.yarnpkg.com/path-type/-/path-type-4.0.0.tgz#84ed01c0a7ba380afe09d90a8c180dcd9d03043b"
    integrity sha512-gDKb8aZMDeD/tZWs9P6+q0J9Mwkdl6xMV8TjnGP3qJVJ06bdMgkbBlLU8IdfOsIsFz2BW1rNVT3XuNEl8zPAvw==
  
  performance-now@^2.1.0:
    version "2.1.0"
    resolved "https://registry.yarnpkg.com/performance-now/-/performance-now-2.1.0.tgz#6309f4e0e5fa913ec1c69307ae364b4b377c9e7b"
    integrity sha1-Ywn04OX6kT7BxpMHrjZLSzd8nns=
  
  popmotion@9.3.6:
    version "9.3.6"
    resolved "https://registry.yarnpkg.com/popmotion/-/popmotion-9.3.6.tgz#b5236fa28f242aff3871b9e23721f093133248d1"
    integrity sha512-ZTbXiu6zIggXzIliMi8LGxXBF5ST+wkpXGEjeTUDUOCdSQ356hij/xjeUdv0F8zCQNeqB1+PR5/BB+gC+QLAPw==
    dependencies:
      framesync "5.3.0"
      hey-listen "^1.0.8"
      style-value-types "4.1.4"
      tslib "^2.1.0"
  
  popper.js@1.16.1-lts:
    version "1.16.1-lts"
    resolved "https://registry.yarnpkg.com/popper.js/-/popper.js-1.16.1-lts.tgz#cf6847b807da3799d80ee3d6d2f90df8a3f50b05"
    integrity sha512-Kjw8nKRl1m+VrSFCoVGPph93W/qrSO7ZkqPpTf7F4bk/sqcfWK019dWBUpE/fBOsOQY1dks/Bmcbfn1heM/IsA==
  
  prop-types@15.6.2:
    version "15.6.2"
    resolved "https://registry.yarnpkg.com/prop-types/-/prop-types-15.6.2.tgz#05d5ca77b4453e985d60fc7ff8c859094a497102"
    integrity sha512-3pboPvLiWD7dkI3qf3KbUe6hKFKa52w+AE0VCqECtf+QHAKgOL37tTaNCnuX1nAAQ4ZhyP+kYVKf8rLmJ/feDQ==
    dependencies:
      loose-envify "^1.3.1"
      object-assign "^4.1.1"
  
  prop-types@^15.6.2, prop-types@^15.7.2:
    version "15.7.2"
    resolved "https://registry.yarnpkg.com/prop-types/-/prop-types-15.7.2.tgz#52c41e75b8c87e72b9d9360e0206b99dcbffa6c5"
    integrity sha512-8QQikdH7//R2vurIJSutZ1smHYTcLpRWEOlHnzcWHmBYrOGUysKwSsrC89BCiFj3CbrfJ/nXFdJepOVrY1GCHQ==
    dependencies:
      loose-envify "^1.4.0"
      object-assign "^4.1.1"
      react-is "^16.8.1"
  
  raf-schd@^4.0.2:
    version "4.0.3"
    resolved "https://registry.yarnpkg.com/raf-schd/-/raf-schd-4.0.3.tgz#5d6c34ef46f8b2a0e880a8fcdb743efc5bfdbc1a"
    integrity sha512-tQkJl2GRWh83ui2DiPTJz9wEiMN20syf+5oKfB03yYP7ioZcJwsIK8FjrtLwH1m7C7e+Tt2yYBlrOpdT+dyeIQ==
  
  raf@^3.4.1:
    version "3.4.1"
    resolved "https://registry.yarnpkg.com/raf/-/raf-3.4.1.tgz#0742e99a4a6552f445d73e3ee0328af0ff1ede39"
    integrity sha512-Sq4CW4QhwOHE8ucn6J34MqtZCeWFP2aQSmrlroYgqAV1PjStIhJXxYuTgUIfkEk7zTLjmIjLmU5q+fbD1NnOJA==
    dependencies:
      performance-now "^2.1.0"
  
  react-beautiful-dnd@13.0.0:
    version "13.0.0"
    resolved "https://registry.yarnpkg.com/react-beautiful-dnd/-/react-beautiful-dnd-13.0.0.tgz#f70cc8ff82b84bc718f8af157c9f95757a6c3b40"
    integrity sha512-87It8sN0ineoC3nBW0SbQuTFXM6bUqM62uJGY4BtTf0yzPl8/3+bHMWkgIe0Z6m8e+gJgjWxefGRVfpE3VcdEg==
    dependencies:
      "@babel/runtime" "^7.8.4"
      css-box-model "^1.2.0"
      memoize-one "^5.1.1"
      raf-schd "^4.0.2"
      react-redux "^7.1.1"
      redux "^4.0.4"
      use-memo-one "^1.1.1"
  
  react-clientside-effect@^1.2.2:
    version "1.2.5"
    resolved "https://registry.yarnpkg.com/react-clientside-effect/-/react-clientside-effect-1.2.5.tgz#e2c4dc3c9ee109f642fac4f5b6e9bf5bcd2219a3"
    integrity sha512-2bL8qFW1TGBHozGGbVeyvnggRpMjibeZM2536AKNENLECutp2yfs44IL8Hmpn8qjFQ2K7A9PnYf3vc7aQq/cPA==
    dependencies:
      "@babel/runtime" "^7.12.13"
  
  react-double-scrollbar@0.0.15:
    version "0.0.15"
    resolved "https://registry.yarnpkg.com/react-double-scrollbar/-/react-double-scrollbar-0.0.15.tgz#e915ab8cb3b959877075f49436debfdb04288fe4"
    integrity sha1-6RWrjLO5WYdwdfSUNt6/2wQoj+Q=
  
  react-fast-compare@3.2.0:
    version "3.2.0"
    resolved "https://registry.yarnpkg.com/react-fast-compare/-/react-fast-compare-3.2.0.tgz#641a9da81b6a6320f270e89724fb45a0b39e43bb"
    integrity sha512-rtGImPZ0YyLrscKI9xTpV8psd6I8VAtjKCzQDlzyDvqJA8XOW78TXYQwNRNd8g8JZnDu8q9Fu/1v4HPAVwVdHA==
  
  react-focus-lock@2.5.0:
    version "2.5.0"
    resolved "https://registry.yarnpkg.com/react-focus-lock/-/react-focus-lock-2.5.0.tgz#12e3a3940e897c26e2c2a0408cd25ea3c99b3709"
    integrity sha512-XLxj6uTXgz0US8TmqNU2jMfnXwZG0mH2r/afQqvPEaX6nyEll5LHVcEXk2XDUQ34RVeLPkO/xK5x6c/qiuSq/A==
    dependencies:
      "@babel/runtime" "^7.0.0"
      focus-lock "^0.8.1"
      prop-types "^15.6.2"
      react-clientside-effect "^1.2.2"
      use-callback-ref "^1.2.1"
      use-sidecar "^1.0.1"
  
  react-icons@^4.2.0:
    version "4.2.0"
    resolved "https://registry.yarnpkg.com/react-icons/-/react-icons-4.2.0.tgz#6dda80c8a8f338ff96a1851424d63083282630d0"
    integrity sha512-rmzEDFt+AVXRzD7zDE21gcxyBizD/3NqjbX6cmViAgdqfJ2UiLer8927/QhhrXQV7dEj/1EGuOTPp7JnLYVJKQ==
  
  react-is@^16.13.1, react-is@^16.7.0, react-is@^16.8.1:
    version "16.13.1"
    resolved "https://registry.yarnpkg.com/react-is/-/react-is-16.13.1.tgz#789729a4dc36de2999dc156dd6c1d9c18cea56a4"
    integrity sha512-24e6ynE2H+OKt4kqsOvNd8kBpV65zoxbA4BVsEOB3ARVWQki/DHzaUoC5KuON/BiccDaCCTZBuOcfZs70kR8bQ==
  
  "react-is@^16.8.0 || ^17.0.0":
    version "17.0.2"
    resolved "https://registry.yarnpkg.com/react-is/-/react-is-17.0.2.tgz#e691d4a8e9c789365655539ab372762b0efb54f0"
    integrity sha512-w2GsyukL62IJnlaff/nRegPQR94C/XXamvMWmSHRJ4y7Ts/4ocGRmTHvOs8PSE6pB3dWOrD/nueuU5sduBsQ4w==
  
  react-redux@^7.1.1:
    version "7.2.5"
    resolved "https://registry.yarnpkg.com/react-redux/-/react-redux-7.2.5.tgz#213c1b05aa1187d9c940ddfc0b29450957f6a3b8"
    integrity sha512-Dt29bNyBsbQaysp6s/dN0gUodcq+dVKKER8Qv82UrpeygwYeX1raTtil7O/fftw/rFqzaf6gJhDZRkkZnn6bjg==
    dependencies:
      "@babel/runtime" "^7.12.1"
      "@types/react-redux" "^7.1.16"
      hoist-non-react-statics "^3.3.2"
      loose-envify "^1.4.0"
      prop-types "^15.7.2"
      react-is "^16.13.1"
  
  react-remove-scroll-bar@^2.1.0:
    version "2.2.0"
    resolved "https://registry.yarnpkg.com/react-remove-scroll-bar/-/react-remove-scroll-bar-2.2.0.tgz#d4d545a7df024f75d67e151499a6ab5ac97c8cdd"
    integrity sha512-UU9ZBP1wdMR8qoUs7owiVcpaPwsQxUDC2lypP6mmixaGlARZa7ZIBx1jcuObLdhMOvCsnZcvetOho0wzPa9PYg==
    dependencies:
      react-style-singleton "^2.1.0"
      tslib "^1.0.0"
  
  react-remove-scroll@2.4.1:
    version "2.4.1"
    resolved "https://registry.yarnpkg.com/react-remove-scroll/-/react-remove-scroll-2.4.1.tgz#e0af6126621083a5064591d367291a81b2d107f5"
    integrity sha512-K7XZySEzOHMTq7dDwcHsZA6Y7/1uX5RsWhRXVYv8rdh+y9Qz2nMwl9RX/Mwnj/j7JstCGmxyfyC0zbVGXYh3mA==
    dependencies:
      react-remove-scroll-bar "^2.1.0"
      react-style-singleton "^2.1.0"
      tslib "^1.0.0"
      use-callback-ref "^1.2.3"
      use-sidecar "^1.0.1"
  
  react-style-singleton@^2.1.0:
    version "2.1.1"
    resolved "https://registry.yarnpkg.com/react-style-singleton/-/react-style-singleton-2.1.1.tgz#ce7f90b67618be2b6b94902a30aaea152ce52e66"
    integrity sha512-jNRp07Jza6CBqdRKNgGhT3u9umWvils1xsuMOjZlghBDH2MU0PL2WZor4PGYjXpnRCa9DQSlHMs/xnABWOwYbA==
    dependencies:
      get-nonce "^1.0.0"
      invariant "^2.2.4"
      tslib "^1.0.0"
  
  react-transition-group@^4.0.0, react-transition-group@^4.4.0:
    version "4.4.2"
    resolved "https://registry.yarnpkg.com/react-transition-group/-/react-transition-group-4.4.2.tgz#8b59a56f09ced7b55cbd53c36768b922890d5470"
    integrity sha512-/RNYfRAMlZwDSr6z4zNKV6xu53/e2BuaBbGhbyYIXTrmgu/bGHzmqOs7mJSJBHy9Ud+ApHx3QjrkKSp1pxvlFg==
    dependencies:
      "@babel/runtime" "^7.5.5"
      dom-helpers "^5.0.1"
      loose-envify "^1.4.0"
      prop-types "^15.6.2"
  
  redux@^4.0.0, redux@^4.0.4:
    version "4.1.1"
    resolved "https://registry.yarnpkg.com/redux/-/redux-4.1.1.tgz#76f1c439bb42043f985fbd9bf21990e60bd67f47"
    integrity sha512-hZQZdDEM25UY2P493kPYuKqviVwZ58lEmGQNeQ+gXa+U0gYPUBf7NKYazbe3m+bs/DzM/ahN12DbF+NG8i0CWw==
    dependencies:
      "@babel/runtime" "^7.9.2"
  
  regenerator-runtime@^0.13.4:
    version "0.13.9"
    resolved "https://registry.yarnpkg.com/regenerator-runtime/-/regenerator-runtime-0.13.9.tgz#8925742a98ffd90814988d7566ad30ca3b263b52"
    integrity sha512-p3VT+cOEgxFsRRA9X4lkI1E+k2/CtnKtU4gcxyaCUreilL/vqI6CdZ3wxVUx3UOUg+gnUOQQcRI7BmSI656MYA==
  
  resolve-from@^4.0.0:
    version "4.0.0"
    resolved "https://registry.yarnpkg.com/resolve-from/-/resolve-from-4.0.0.tgz#4abcd852ad32dd7baabfe9b40e00a36db5f392e6"
    integrity sha512-pb/MYmXstAkysRFx8piNI1tGFNQIFA3vkE3Gq4EuA1dF6gHp/+vgZqsCGJapvy8N3Q+4o7FwvquPJcnZ7RYy4g==
  
  resolve@^1.12.0:
    version "1.20.0"
    resolved "https://registry.yarnpkg.com/resolve/-/resolve-1.20.0.tgz#629a013fb3f70755d6f0b7935cc1c2c5378b1975"
    integrity sha512-wENBPt4ySzg4ybFQW2TT1zMQucPK95HSh/nq2CFTZVOGut2+pQvSsgtda4d26YrYcr067wjbmzOG8byDPBX63A==
    dependencies:
      is-core-module "^2.2.0"
      path-parse "^1.0.6"
  
  rgbcolor@^1.0.1:
    version "1.0.1"
    resolved "https://registry.yarnpkg.com/rgbcolor/-/rgbcolor-1.0.1.tgz#d6505ecdb304a6595da26fa4b43307306775945d"
    integrity sha1-1lBezbMEplldom+ktDMHMGd1lF0=
  
  rifm@^0.7.0:
    version "0.7.0"
    resolved "https://registry.yarnpkg.com/rifm/-/rifm-0.7.0.tgz#debe951a9c83549ca6b33e5919f716044c2230be"
    integrity sha512-DSOJTWHD67860I5ojetXdEQRIBvF6YcpNe53j0vn1vp9EUb9N80EiZTxgP+FkDKorWC8PZw052kTF4C1GOivCQ==
    dependencies:
      "@babel/runtime" "^7.3.1"
  
  safe-buffer@~5.1.1:
    version "5.1.2"
    resolved "https://registry.yarnpkg.com/safe-buffer/-/safe-buffer-5.1.2.tgz#991ec69d296e0313747d59bdfd2b745c35f8828d"
    integrity sha512-Gd2UZBJDkXlY7GbJxfsE8/nvKkUEU1G38c1siN6QP6a9PT9MmHB8GnpscSmMJSoF8LOIrt8ud/wPtojys4G6+g==
  
  source-map@^0.5.7:
    version "0.5.7"
    resolved "https://registry.yarnpkg.com/source-map/-/source-map-0.5.7.tgz#8a039d2d1021d22d1ea14c80d8ea468ba2ef3fcc"
    integrity sha1-igOdLRAh0i0eoUyA2OpGi6LvP8w=
  
  stackblur-canvas@^2.0.0:
    version "2.5.0"
    resolved "https://registry.yarnpkg.com/stackblur-canvas/-/stackblur-canvas-2.5.0.tgz#aa87bbed1560fdcd3138fff344fc6a1c413ebac4"
    integrity sha512-EeNzTVfj+1In7aSLPKDD03F/ly4RxEuF/EX0YcOG0cKoPXs+SLZxDawQbexQDBzwROs4VKLWTOaZQlZkGBFEIQ==
  
  style-value-types@4.1.4:
    version "4.1.4"
    resolved "https://registry.yarnpkg.com/style-value-types/-/style-value-types-4.1.4.tgz#80f37cb4fb024d6394087403dfb275e8bb627e75"
    integrity sha512-LCJL6tB+vPSUoxgUBt9juXIlNJHtBMy8jkXzUJSBzeHWdBu6lhzHqCvLVkXFGsFIlNa2ln1sQHya/gzaFmB2Lg==
    dependencies:
      hey-listen "^1.0.8"
      tslib "^2.1.0"
  
  stylis@^4.0.3:
    version "4.0.10"
    resolved "https://registry.yarnpkg.com/stylis/-/stylis-4.0.10.tgz#446512d1097197ab3f02fb3c258358c3f7a14240"
    integrity sha512-m3k+dk7QeJw660eIKRRn3xPF6uuvHs/FFzjX3HQ5ove0qYsiygoAhwn5a3IYKaZPo5LrYD0rfVmtv1gNY1uYwg==
  
  supports-color@^5.3.0:
    version "5.5.0"
    resolved "https://registry.yarnpkg.com/supports-color/-/supports-color-5.5.0.tgz#e2e69a44ac8772f78a1ec0b35b689df6530efc8f"
    integrity sha512-QjVjwdXIt408MIiAqCX4oUKsgU2EqAGzs2Ppkm4aQYbjm+ZEWEcW4SfFNTr4uMNZma0ey4f5lgLrkB0aX0QMow==
    dependencies:
      has-flag "^3.0.0"
  
  svg-pathdata@^5.0.5:
    version "5.0.5"
    resolved "https://registry.yarnpkg.com/svg-pathdata/-/svg-pathdata-5.0.5.tgz#65e8d765642ba15fe15434444087d082bc526b29"
    integrity sha512-TAAvLNSE3fEhyl/Da19JWfMAdhSXTYeviXsLSoDT1UM76ADj5ndwAPX1FKQEgB/gFMPavOy6tOqfalXKUiXrow==
  
  text-segmentation@^1.0.2:
    version "1.0.2"
    resolved "https://registry.yarnpkg.com/text-segmentation/-/text-segmentation-1.0.2.tgz#1f828fa14aa101c114ded1bda35ba7dcc17c9858"
    integrity sha512-uTqvLxdBrVnx/CFQOtnf8tfzSXFm+1Qxau7Xi54j4OPTZokuDOX8qncQzrg2G8ZicAMOM8TgzFAYTb+AqNO4Cw==
    dependencies:
      utrie "^1.0.1"
  
  tiny-invariant@^1.0.6:
    version "1.1.0"
    resolved "https://registry.yarnpkg.com/tiny-invariant/-/tiny-invariant-1.1.0.tgz#634c5f8efdc27714b7f386c35e6760991d230875"
    integrity sha512-ytxQvrb1cPc9WBEI/HSeYYoGD0kWnGEOR8RY6KomWLBVhqz0RgTwVO9dLrGz7dC+nN9llyI7OKAgRq8Vq4ZBSw==
  
  tiny-warning@^1.0.2:
    version "1.0.3"
    resolved "https://registry.yarnpkg.com/tiny-warning/-/tiny-warning-1.0.3.tgz#94a30db453df4c643d0fd566060d60a875d84754"
    integrity sha512-lBN9zLN/oAf68o3zNXYrdCt1kP8WsiGW8Oo2ka41b2IM5JL/S1CTyX1rW0mb/zSuJun0ZUrDxx4sqvYS2FWzPA==
  
  tinycolor2@1.4.2:
    version "1.4.2"
    resolved "https://registry.yarnpkg.com/tinycolor2/-/tinycolor2-1.4.2.tgz#3f6a4d1071ad07676d7fa472e1fac40a719d8803"
    integrity sha512-vJhccZPs965sV/L2sU4oRQVAos0pQXwsvTLkWYdqJ+a8Q5kPFzJTuOFwy7UniPli44NKQGAglksjvOcpo95aZA==
  
  to-fast-properties@^2.0.0:
    version "2.0.0"
    resolved "https://registry.yarnpkg.com/to-fast-properties/-/to-fast-properties-2.0.0.tgz#dc5e698cbd079265bc73e0377681a4e4e83f616e"
    integrity sha1-3F5pjL0HkmW8c+A3doGk5Og/YW4=
  
  toggle-selection@^1.0.6:
    version "1.0.6"
    resolved "https://registry.yarnpkg.com/toggle-selection/-/toggle-selection-1.0.6.tgz#6e45b1263f2017fa0acc7d89d78b15b8bf77da32"
    integrity sha1-bkWxJj8gF/oKzH2J14sVuL932jI=
  
  tslib@^1.0.0, tslib@^1.9.3:
    version "1.14.1"
    resolved "https://registry.yarnpkg.com/tslib/-/tslib-1.14.1.tgz#cf2d38bdc34a134bcaf1091c41f6619e2f672d00"
    integrity sha512-Xni35NKzjgMrwevysHTCArtLDpPvye8zV/0E4EyYn43P7/7qvQwPh9BGkHewbMulVntbigmcT7rdX3BNo9wRJg==
  
  tslib@^2.1.0:
    version "2.3.1"
    resolved "https://registry.yarnpkg.com/tslib/-/tslib-2.3.1.tgz#e8a335add5ceae51aa261d32a490158ef042ef01"
    integrity sha512-77EbyPPpMz+FRFRuAFlWMtmgUWGe9UOG2Z25NqCwiIjRhOf5iKGuzSe5P2w1laq+FkRy4p+PCuVkJSGkzTEKVw==
  
  use-callback-ref@^1.2.1, use-callback-ref@^1.2.3:
    version "1.2.5"
    resolved "https://registry.yarnpkg.com/use-callback-ref/-/use-callback-ref-1.2.5.tgz#6115ed242cfbaed5915499c0a9842ca2912f38a5"
    integrity sha512-gN3vgMISAgacF7sqsLPByqoePooY3n2emTH59Ur5d/M8eg4WTWu1xp8i8DHjohftIyEx0S08RiYxbffr4j8Peg==
  
  use-memo-one@^1.1.1:
    version "1.1.2"
    resolved "https://registry.yarnpkg.com/use-memo-one/-/use-memo-one-1.1.2.tgz#0c8203a329f76e040047a35a1197defe342fab20"
    integrity sha512-u2qFKtxLsia/r8qG0ZKkbytbztzRb317XCkT7yP8wxL0tZ/CzK2G+WWie5vWvpyeP7+YoPIwbJoIHJ4Ba4k0oQ==
  
  use-sidecar@^1.0.1:
    version "1.0.5"
    resolved "https://registry.yarnpkg.com/use-sidecar/-/use-sidecar-1.0.5.tgz#ffff2a17c1df42e348624b699ba6e5c220527f2b"
    integrity sha512-k9jnrjYNwN6xYLj1iaGhonDghfvmeTmYjAiGvOr7clwKfPjMXJf4/HOr7oT5tJwYafgp2tG2l3eZEOfoELiMcA==
    dependencies:
      detect-node-es "^1.1.0"
      tslib "^1.9.3"
  
  utrie@^1.0.1:
    version "1.0.1"
    resolved "https://registry.yarnpkg.com/utrie/-/utrie-1.0.1.tgz#e155235ebcbddc89ae09261ab6e773ce61401b2f"
    integrity sha512-JPaDXF3vzgZxfeEwutdGzlrNoVFL5UvZcbO6Qo9D4GoahrieUPoMU8GCpVpR7MQqcKhmShIh8VlbEN3PLM3EBg==
    dependencies:
      base64-arraybuffer "^1.0.1"
  
  warning@^4.0.3:
    version "4.0.3"
    resolved "https://registry.yarnpkg.com/warning/-/warning-4.0.3.tgz#16e9e077eb8a86d6af7d64aa1e05fd85b4678ca3"
    integrity sha512-rpJyN222KWIvHJ/F53XSZv0Zl/accqHR8et1kpaMTD/fLCRxtV8iX8czMzY7sVZupTI3zcUTg8eycS2kNF9l6w==
    dependencies:
      loose-envify "^1.0.0"
  
  yaml@^1.7.2:
    version "1.10.2"
    resolved "https://registry.yarnpkg.com/yaml/-/yaml-1.10.2.tgz#2301c5ffbf12b467de8da2333a459e29e7920e4b"
    integrity sha512-r3vXyErRCYJ7wg28yvBY5VSoAF8ZvlcW9/BwUzEtUsjvX/DKs24dIkuwjtuprwJJHsbyUbLApepYTR1BN4uHrg==
